1524051761185	geckodriver	INFO	geckodriver 0.20.1
1524051761193	geckodriver	INFO	Listening on 127.0.0.1:60588
1524051764198	mozrunner::runner	INFO	Running command: "C:\\Program Files (x86)\\Mozilla Firefox\\firefox.exe" "-marionette" "-profile" "C:\\Users\\SHIFEI~1\\AppData\\Local\\Temp\\rust_mozprofile.VudW8kLkCR9D"
1524051764718	addons.xpi	WARN	Error parsing extensions state: [Exception... "Component returned failure code: 0x80520012 (NS_ERROR_FILE_NOT_FOUND) [amIAddonManagerStartup.readStartupData]"  nsresult: "0x80520012 (NS_ERROR_FILE_NOT_FOUND)"  location: "JS frame :: resource://gre/modules/addons/XPIProvider.jsm :: loadExtensionState :: line 1554"  data: no] Stack trace: loadExtensionState()@resource://gre/modules/addons/XPIProvider.jsm:1554 < getInstallState()@resource://gre/modules/addons/XPIProvider.jsm:1589 < checkForChanges()@resource://gre/modules/addons/XPIProvider.jsm:3109 < startup()@resource://gre/modules/addons/XPIProvider.jsm:2188 < callProvider()@resource://gre/modules/AddonManager.jsm:269 < _startProvider()@resource://gre/modules/AddonManager.jsm:739 < startup()@resource://gre/modules/AddonManager.jsm:906 < startup()@resource://gre/modules/AddonManager.jsm:3090 < observe()@jar:file:///C:/Program%20Files%20(x86)/Mozilla%20Firefox/omni.ja!/components/addonManager.js:65
1524051765562	Marionette	INFO	Enabled via --marionette
1524051768681	Marionette	INFO	Listening on port 60597
1524051769429	Marionette	WARN	TLS certificate errors will be ignored for this session
1524051769487	Marionette	DEBUG	Register listener.js for window 4294967297
1524051769502	Marionette	DEBUG	Received DOM event "beforeunload" for "about:blank"
1524051772712	Marionette	DEBUG	Received DOM event "pagehide" for "about:blank"
1524051772713	Marionette	DEBUG	Received DOM event "unload" for "about:blank"
1524051773098	Marionette	DEBUG	Received DOM event "DOMContentLoaded" for "https://www.1393p.com/pk10/shdd"
JavaScript warning: https://www.googletagmanager.com/gtag/js?id=UA-108446227-1, line 69: unreachable code after return statement
JavaScript warning: https://www.googletagmanager.com/gtag/js?id=UA-108446227-1, line 69: unreachable code after return statement
1524051778062	Marionette	DEBUG	Received DOM event "pageshow" for "https://www.1393p.com/pk10/shdd"
1524051801612	Marionette	DEBUG	Received DOM event "beforeunload" for "https://www.1393p.com/pk10/shdd"
1524051802404	Marionette	DEBUG	Received DOM event "pagehide" for "https://www.1393p.com/pk10/shdd"
1524051802406	Marionette	DEBUG	Received DOM event "unload" for "https://www.1393p.com/pk10/shdd"
1524051802815	Marionette	DEBUG	Received DOM event "DOMContentLoaded" for "https://www.1393p.com/pk10/shdd"
JavaScript warning: https://www.googletagmanager.com/gtag/js?id=UA-108446227-1, line 69: unreachable code after return statement
1524051803451	Marionette	DEBUG	Received DOM event "pageshow" for "https://www.1393p.com/pk10/shdd"
JavaScript warning: https://www.googletagmanager.com/gtag/js?id=UA-108446227-1, line 69: unreachable code after return statement
1524051805729	Marionette	DEBUG	Canceled page load listener because no navigation has been detected
1524051812048	Marionette	DEBUG	Canceled page load listener because no navigation has been detected
1524051818336	Marionette	DEBUG	Canceled page load listener because no navigation has been detected
1524051824620	Marionette	DEBUG	Canceled page load listener because no navigation has been detected
1524051830898	Marionette	DEBUG	Canceled page load listener because no navigation has been detected
1524051837179	Marionette	DEBUG	Canceled page load listener because no navigation has been detected
1524051843471	Marionette	DEBUG	Canceled page load listener because no navigation has been detected
1524051849766	Marionette	DEBUG	Canceled page load listener because no navigation has been detected
1524051856055	Marionette	DEBUG	Canceled page load listener because no navigation has been detected
1524051862386	Marionette	DEBUG	Canceled page load listener because no navigation has been detected
1524052094104	Marionette	DEBUG	Received DOM event "beforeunload" for "https://www.1393p.com/pk10/shdd"
1524052094361	Marionette	DEBUG	Received DOM event "pagehide" for "https://www.1393p.com/pk10/shdd"
1524052094363	Marionette	DEBUG	Received DOM event "unload" for "https://www.1393p.com/pk10/shdd"
1524052094858	Marionette	DEBUG	Received DOM event "DOMContentLoaded" for "https://www.1393p.com/pk10/shdd"
JavaScript warning: https://www.googletagmanager.com/gtag/js?id=UA-108446227-1, line 69: unreachable code after return statement
JavaScript warning: https://www.googletagmanager.com/gtag/js?id=UA-108446227-1, line 69: unreachable code after return statement
1524052097815	Marionette	DEBUG	Received DOM event "pageshow" for "https://www.1393p.com/pk10/shdd"
1524052100079	Marionette	DEBUG	Canceled page load listener because no navigation has been detected
1524052106369	Marionette	DEBUG	Canceled page load listener because no navigation has been detected
1524052112666	Marionette	DEBUG	Canceled page load listener because no navigation has been detected
1524052118946	Marionette	DEBUG	Canceled page load listener because no navigation has been detected
1524052125268	Marionette	DEBUG	Canceled page load listener because no navigation has been detected
1524052131550	Marionette	DEBUG	Canceled page load listener because no navigation has been detected
1524052137871	Marionette	DEBUG	Canceled page load listener because no navigation has been detected
1524052144218	Marionette	DEBUG	Canceled page load listener because no navigation has been detected
1524052150498	Marionette	DEBUG	Canceled page load listener because no navigation has been detected
1524052156780	Marionette	DEBUG	Canceled page load listener because no navigation has been detected
1524052398542	Marionette	DEBUG	Received DOM event "beforeunload" for "https://www.1393p.com/pk10/shdd"
1524052399217	Marionette	DEBUG	Received DOM event "pagehide" for "https://www.1393p.com/pk10/shdd"
1524052399219	Marionette	DEBUG	Received DOM event "unload" for "https://www.1393p.com/pk10/shdd"
JavaScript warning: https://www.googletagmanager.com/gtag/js?id=UA-108446227-1, line 69: unreachable code after return statement
1524052399641	Marionette	DEBUG	Received DOM event "DOMContentLoaded" for "https://www.1393p.com/pk10/shdd"
JavaScript warning: https://www.googletagmanager.com/gtag/js?id=UA-108446227-1, line 69: unreachable code after return statement
1524052405403	Marionette	DEBUG	Received DOM event "pageshow" for "https://www.1393p.com/pk10/shdd"
1524052407678	Marionette	DEBUG	Canceled page load listener because no navigation has been detected
1524052413966	Marionette	DEBUG	Canceled page load listener because no navigation has been detected
1524052420251	Marionette	DEBUG	Canceled page load listener because no navigation has been detected
1524052426534	Marionette	DEBUG	Canceled page load listener because no navigation has been detected
1524052432811	Marionette	DEBUG	Canceled page load listener because no navigation has been detected
1524052439096	Marionette	DEBUG	Canceled page load listener because no navigation has been detected
1524052445444	Marionette	DEBUG	Canceled page load listener because no navigation has been detected
1524052451731	Marionette	DEBUG	Canceled page load listener because no navigation has been detected
1524052458014	Marionette	DEBUG	Canceled page load listener because no navigation has been detected
1524052464294	Marionette	DEBUG	Canceled page load listener because no navigation has been detected
celed page load listener because no navigation has been detected
1524035948405	Marionette	DEBUG	Canceled page load listener because no navigation has been detected
1524035954696	Marionette	DEBUG	Canceled page load listener because no navigation has been detected
1524035961010	Marionette	DEBUG	Canceled page load listener because no navigation has been detected
1524035967295	Marionette	DEBUG	Canceled page load listener because no navigation has been detected
1524036199976	Marionette	DEBUG	Received DOM event "beforeunload" for "https://www.1393p.com/pk10/shdd"
1524036200588	Marionette	DEBUG	Received DOM event "pagehide" for "https://www.1393p.com/pk10/shdd"
1524036200637	Marionette	DEBUG	Received DOM event "unload" for "https://www.1393p.com/pk10/shdd"
JavaScript warning: https://www.googletagmanager.com/gtag/js?id=UA-108446227-1, line 69: unreachable code after return statement
1524036201101	Marionette	DEBUG	Received DOM event "DOMContentLoaded" for "https://www.1393p.com/pk10/shdd"
1524036201566	Marionette	DEBUG	Received DOM event "pageshow" for "https://www.1393p.com/pk10/shdd"
JavaScript warning: https://www.googletagmanager.com/gtag/js?id=UA-108446227-1, line 69: unreachable code after return statement
1524036203825	Marionette	DEBUG	Canceled page load listener because no navigation has been detected
1524036210123	Marionette	DEBUG	Canceled page load listener because no navigation has been detected
1524036216416	Marionette	DEBUG	Canceled page load listener because no navigation has been detected
1524036222742	Marionette	DEBUG	Canceled page load listener because no navigation has been detected
1524036229083	Marionette	DEBUG	Canceled page load listener because no navigation has been detected
1524036235400	Marionette	DEBUG	Canceled page load listener because no navigation has been detected
1524036241684	Marionette	DEBUG	Canceled page load listener because no navigation has been detected
1524036248001	Marionette	DEBUG	Canceled page load listener because no navigation has been detected
1524036254278	Marionette	DEBUG	Canceled page load listener because no navigation has been detected
1524036260588	Marionette	DEBUG	Canceled page load listener because no navigation has been detected
1524036502705	Marionette	DEBUG	Received DOM event "beforeunload" for "https://www.1393p.com/pk10/shdd"
1524036503283	Marionette	DEBUG	Received DOM event "pagehide" for "https://www.1393p.com/pk10/shdd"
1524036503285	Marionette	DEBUG	Received DOM event "unload" for "https://www.1393p.com/pk10/shdd"
1524036503773	Marionette	DEBUG	Received DOM event "DOMContentLoaded" for "https://www.1393p.com/pk10/shdd"
JavaScript warning: https://www.googletagmanager.com/gtag/js?id=UA-108446227-1, line 69: unreachable code after return statement
JavaScript warning: https://www.googletagmanager.com/gtag/js?id=UA-108446227-1, line 69: unreachable code after return statement
1524036509561	Marionette	DEBUG	Received DOM event "pageshow" for "https://www.1393p.com/pk10/shdd"
1524036511822	Marionette	DEBUG	Canceled page load listener because no navigation has been detected
1524036518106	Marionette	DEBUG	Canceled page load listener because no navigation has been detected
1524036524449	Marionette	DEBUG	Canceled page load listener because no navigation has been detected

###!!! [Child][MessageChannel::SendAndWait] Error: Channel error: cannot send/recv

tener because no navigation has been detected
1524025438917	Marionette	DEBUG	Canceled page load listener because no navigation has been detected
1524025445201	Marionette	DEBUG	Canceled page load listener because no navigation has been detected
1524025451480	Marionette	DEBUG	Canceled page load listener because no navigation has been detected
1524025688717	Marionette	DEBUG	Received DOM event "beforeunload" for "https://www.1393p.com/pk10/shdd"
1524025689244	Marionette	DEBUG	Received DOM event "pagehide" for "https://www.1393p.com/pk10/shdd"
1524025689246	Marionette	DEBUG	Received DOM event "unload" for "https://www.1393p.com/pk10/shdd"
JavaScript warning: https://www.googletagmanager.com/gtag/js?id=UA-108446227-1, line 69: unreachable code after return statement
1524025701316	Marionette	DEBUG	Received DOM event "DOMContentLoaded" for "https://www.1393p.com/pk10/shdd"
JavaScript warning: https://www.googletagmanager.com/gtag/js?id=UA-108446227-1, line 69: unreachable code after return statement
1524025712306	Marionette	DEBUG	Received DOM event "pageshow" for "https://www.1393p.com/pk10/shdd"
1524025714562	Marionette	DEBUG	Canceled page load listener because no navigation has been detected
1524025720910	Marionette	DEBUG	Canceled page load listener because no navigation has been detected
1524025727320	Marionette	DEBUG	Canceled page load listener because no navigation has been detected
1524025733604	Marionette	DEBUG	Canceled page load listener because no navigation has been detected
1524025739887	Marionette	DEBUG	Canceled page load listener because no navigation has been detected
1524025746170	Marionette	DEBUG	Canceled page load listener because no navigation has been detected
1524025752592	Marionette	DEBUG	Canceled page load listener because no navigation has been detected
1524025759296	Marionette	DEBUG	Canceled page load listener because no navigation has been detected
1524025772094	Marionette	DEBUG	Canceled page load listener because no navigation has been detected
1524025778660	Marionette	DEBUG	Canceled page load listener because no navigation has been detected
1524025999361	Marionette	DEBUG	Received DOM event "beforeunload" for "https://www.1393p.com/pk10/shdd"
1524025999910	Marionette	DEBUG	Received DOM event "pagehide" for "https://www.1393p.com/pk10/shdd"
1524025999912	Marionette	DEBUG	Received DOM event "unload" for "https://www.1393p.com/pk10/shdd"
JavaScript warning: https://www.googletagmanager.com/gtag/js?id=UA-108446227-1, line 69: unreachable code after return statement
1524026000785	Marionette	DEBUG	Received DOM event "DOMContentLoaded" for "https://www.1393p.com/pk10/shdd"
1524026001250	Marionette	DEBUG	Received DOM event "pageshow" for "https://www.1393p.com/pk10/shdd"
JavaScript warning: https://www.googletagmanager.com/gtag/js?id=UA-108446227-1, line 69: unreachable code after return statement
1524026003511	Marionette	DEBUG	Canceled page load listener because no navigation has been detected
1524026009807	Marionette	DEBUG	Canceled page load listener because no navigation has been detected
1524026016091	Marionette	DEBUG	Canceled page load listener because no navigation has been detected
1524026022403	Marionette	DEBUG	Canceled page load listener because no navigation has been detected
1524026028690	Marionette	DEBUG	Canceled page load listener because no navigation has been detected
1524026035009	Marionette	DEBUG	Canceled page load listener because no navigation has been detected
1524026041295	Marionette	DEBUG	Canceled page load listener because no navigation has been detected
1524026047619	Marionette	DEBUG	Canceled page load listener because no navigation has been detected
1524026053982	Marionette	DEBUG	Canceled page load listener because no navigation has been detected
1524026060277	Marionette	DEBUG	Canceled page load listener because no navigation has been detected
1524026298883	Marionette	DEBUG	Received DOM event "beforeunload" for "https://www.1393p.com/pk10/shdd"
1524026300463	Marionette	DEBUG	Received DOM event "pagehide" for "https://www.1393p.com/pk10/shdd"
1524026300465	Marionette	DEBUG	Received DOM event "unload" for "https://www.1393p.com/pk10/shdd"
1524026302277	Marionette	DEBUG	Received DOM event "DOMContentLoaded" for "https://www.1393p.com/pk10/shdd"
JavaScript warning: https://www.googletagmanager.com/gtag/js?id=UA-108446227-1, line 69: unreachable code after return statement
JavaScript warning: https://www.googletagmanager.com/gtag/js?id=UA-108446227-1, line 69: unreachable code after return statement
1524026304918	Marionette	DEBUG	Received DOM event "pageshow" for "https://www.1393p.com/pk10/shdd"
1524026307179	Marionette	DEBUG	Canceled page load listener because no navigation has been detected
1524026313638	Marionette	DEBUG	Canceled page load listener because no navigation has been detected
1524026320269	Marionette	DEBUG	Canceled page load listener because no navigation has been detected
1524026326771	Marionette	DEBUG	Canceled page load listener because no navigation has been detected
1524026333341	Marionette	DEBUG	Canceled page load listener because no navigation has been detected
1524026339799	Marionette	DEBUG	Canceled page load listener because no navigation has been detected
1524026346573	Marionette	DEBUG	Canceled page load listener because no navigation has been detected
1524026353261	Marionette	DEBUG	Canceled page load listener because no navigation has been detected
1524026359650	Marionette	DEBUG	Canceled page load listener because no navigation has been detected
1524026366198	Marionette	DEBUG	Canceled page load listener because no navigation has been detected
1524026594624	Marionette	DEBUG	Received DOM event "beforeunload" for "https://www.1393p.com/pk10/shdd"
1524026597342	Marionette	DEBUG	Received DOM event "pagehide" for "https://www.1393p.com/pk10/shdd"
1524026597344	Marionette	DEBUG	Received DOM event "unload" for "https://www.1393p.com/pk10/shdd"
JavaScript warning: https://www.googletagmanager.com/gtag/js?id=UA-108446227-1, line 69: unreachable code after return statement
1524026598926	Marionette	DEBUG	Received DOM event "DOMContentLoaded" for "https://www.1393p.com/pk10/shdd"
JavaScript warning: https://www.googletagmanager.com/gtag/js?id=UA-108446227-1, line 69: unreachable code after return statement
1524026605385	Marionette	DEBUG	Received DOM event "pageshow" for "https://www.1393p.com/pk10/shdd"
1524026607648	Marionette	DEBUG	Canceled page load listener because no navigation has been detected
1524026614261	Marionette	DEBUG	Canceled page load listener because no navigation has been detected
1524026620792	Marionette	DEBUG	Canceled page load listener because no navigation has been detected
1524026627095	Marionette	DEBUG	Canceled page load listener because no navigation has been detected
1524026633494	Marionette	DEBUG	Canceled page load listener because no navigation has been detected
1524026639978	Marionette	DEBUG	Canceled page load listener because no navigation has been detected
1524026646364	Marionette	DEBUG	Canceled page load listener because no navigation has been detected
1524026652757	Marionette	DEBUG	Canceled page load listener because no navigation has been detected
1524026659153	Marionette	DEBUG	Canceled page load listener because no navigation has been detected
1524026665656	Marionette	DEBUG	Canceled page load listener because no navigation has been detected
1524026893412	Marionette	DEBUG	Received DOM event "beforeunload" for "https://www.1393p.com/pk10/shdd"
1524026896410	Marionette	DEBUG	Received DOM event "pagehide" for "https://www.1393p.com/pk10/shdd"
1524026896412	Marionette	DEBUG	Received DOM event "unload" for "https://www.1393p.com/pk10/shdd"
JavaScript warning: https://www.googletagmanager.com/gtag/js?id=UA-108446227-1, line 69: unreachable code after return statement
1524026897038	Marionette	DEBUG	Received DOM event "DOMContentLoaded" for "https://www.1393p.com/pk10/shdd"
JavaScript warning: https://www.googletagmanager.com/gtag/js?id=UA-108446227-1, line 69: unreachable code after return statement
1524026900892	Marionette	DEBUG	Received DOM event "pageshow" for "https://www.1393p.com/pk10/shdd"
1524026903159	Marionette	DEBUG	Canceled page load listener because no navigation has been detected
1524026909446	Marionette	DEBUG	Canceled page load listener because no navigation has been detected
1524026915724	Marionette	DEBUG	Canceled page load listener because no navigation has been detected
1524026922012	Marionette	DEBUG	Canceled page load listener because no navigation has been detected
1524026928351	Marionette	DEBUG	Canceled page load listener because no navigation has been detected
1524026934635	Marionette	DEBUG	Canceled page load listener because no navigation has been detected
1524026940919	Marionette	DEBUG	Canceled page load listener because no navigation has been detected
1524026947202	Marionette	DEBUG	Canceled page load listener because no navigation has been detected
1524026953484	Marionette	DEBUG	Canceled page load listener because no navigation has been detected
1524026959769	Marionette	DEBUG	Canceled page load listener because no navigation has been detected
1524027198190	Marionette	DEBUG	Received DOM event "beforeunload" for "https://www.1393p.com/pk10/shdd"
1524027198715	Marionette	DEBUG	Received DOM event "pagehide" for "https://www.1393p.com/pk10/shdd"
1524027198717	Marionette	DEBUG	Received DOM event "unload" for "https://www.1393p.com/pk10/shdd"
1524027199188	Marionette	DEBUG	Received DOM event "DOMContentLoaded" for "https://www.1393p.com/pk10/shdd"
JavaScript warning: https://www.googletagmanager.com/gtag/js?id=UA-108446227-1, line 69: unreachable code after return statement
JavaScript warning: https://www.googletagmanager.com/gtag/js?id=UA-108446227-1, line 69: unreachable code after return statement
1524027205223	Marionette	DEBUG	Received DOM event "pageshow" for "https://www.1393p.com/pk10/shdd"
1524027207482	Marionette	DEBUG	Canceled page load listener because no navigation has been detected
1524027213763	Marionette	DEBUG	Canceled page load listener because no navigation has been detected
1524027220105	Marionette	DEBUG	Canceled page load listener because no navigation has been detected
1524027226386	Marionette	DEBUG	Canceled page load listener because no navigation has been detected
1524027232662	Marionette	DEBUG	Canceled page load listener because no navigation has been detected
1524027238958	Marionette	DEBUG	Canceled page load listener because no navigation has been detected
1524027245280	Marionette	DEBUG	Canceled page load listener because no navigation has been detected
1524027251562	Marionette	DEBUG	Canceled page load listener because no navigation has been detected
1524027264450	Marionette	DEBUG	Canceled page load listener because no navigation has been detected
1524027270742	Marionette	DEBUG	Canceled page load listener because no navigation has been detected
1524027487074	Marionette	DEBUG	Received DOM event "beforeunload" for "https://www.1393p.com/pk10/shdd"
1524027489696	Marionette	DEBUG	Received DOM event "pagehide" for "https://www.1393p.com/pk10/shdd"
1524027489698	Marionette	DEBUG	Received DOM event "unload" for "https://www.1393p.com/pk10/shdd"
1524027490221	Marionette	DEBUG	Received DOM event "DOMContentLoaded" for "https://www.1393p.com/pk10/shdd"
JavaScript warning: https://www.googletagmanager.com/gtag/js?id=UA-108446227-1, line 69: unreachable code after return statement
1524027492041	Marionette	DEBUG	Received DOM event "pageshow" for "https://www.1393p.com/pk10/shdd"
JavaScript warning: https://www.googletagmanager.com/gtag/js?id=UA-108446227-1, line 69: unreachable code after return statement
1524027494297	Marionette	DEBUG	Canceled page load listener because no navigation has been detected
1524027500585	Marionette	DEBUG	Canceled page load listener because no navigation has been detected
1524027506868	Marionette	DEBUG	Canceled page load listener because no navigation has been detected
1524027513163	Marionette	DEBUG	Canceled page load listener because no navigation has been detected
1524027519442	Marionette	DEBUG	Canceled page load listener because no navigation has been detected
1524027525723	Marionette	DEBUG	Canceled page load listener because no navigation has been detected
1524027532006	Marionette	DEBUG	Canceled page load listener because no navigation has been detected
1524027538284	Marionette	DEBUG	Canceled page load listener because no navigation has been detected
1524027544564	Marionette	DEBUG	Canceled page load listener because no navigation has been detected
1524027550923	Marionette	DEBUG	Canceled page load listener because no navigation has been detected
1524027793307	Marionette	DEBUG	Received DOM event "beforeunload" for "https://www.1393p.com/pk10/shdd"
1524027794766	Marionette	DEBUG	Received DOM event "pagehide" for "https://www.1393p.com/pk10/shdd"
1524027794767	Marionette	DEBUG	Received DOM event "unload" for "https://www.1393p.com/pk10/shdd"
1524027795174	Marionette	DEBUG	Received DOM event "DOMContentLoaded" for "https://www.1393p.com/pk10/shdd"
JavaScript warning: https://www.googletagmanager.com/gtag/js?id=UA-108446227-1, line 69: unreachable code after return statement
JavaScript warning: https://www.googletagmanager.com/gtag/js?id=UA-108446227-1, line 69: unreachable code after return statement
1524027798034	Marionette	DEBUG	Received DOM event "pageshow" for "https://www.1393p.com/pk10/shdd"
1524027800293	Marionette	DEBUG	Canceled page load listener because no navigation has been detected
1524027806607	Marionette	DEBUG	Canceled page load listener because no navigation has been detected
1524027812900	Marionette	DEBUG	Canceled page load listener because no navigation has been detected
1524027819182	Marionette	DEBUG	Canceled page load listener because no navigation has been detected
1524027825461	Marionette	DEBUG	Canceled page load listener because no navigation has been detected
1524027831740	Marionette	DEBUG	Canceled page load listener because no navigation has been detected
1524027838023	Marionette	DEBUG	Canceled page load listener because no navigation has been detected
1524027844406	Marionette	DEBUG	Canceled page load listener because no navigation has been detected
1524027850681	Marionette	DEBUG	Canceled page load listener because no navigation has been detected
1524027856987	Marionette	DEBUG	Canceled page load listener because no navigation has been detected
1524028088582	Marionette	DEBUG	Received DOM event "beforeunload" for "https://www.1393p.com/pk10/shdd"
1524028089093	Marionette	DEBUG	Received DOM event "pagehide" for "https://www.1393p.com/pk10/shdd"
1524028089095	Marionette	DEBUG	Received DOM event "unload" for "https://www.1393p.com/pk10/shdd"
JavaScript warning: https://www.googletagmanager.com/gtag/js?id=UA-108446227-1, line 69: unreachable code after return statement
1524028089644	Marionette	DEBUG	Received DOM event "DOMContentLoaded" for "https://www.1393p.com/pk10/shdd"
1524028090088	Marionette	DEBUG	Received DOM event "pageshow" for "https://www.1393p.com/pk10/shdd"
JavaScript warning: https://www.googletagmanager.com/gtag/js?id=UA-108446227-1, line 69: unreachable code after return statement
1524028092352	Marionette	DEBUG	Canceled page load listener because no navigation has been detected
1524028098645	Marionette	DEBUG	Canceled page load listener because no navigation has been detected
1524028104925	Marionette	DEBUG	Canceled page load listener because no navigation has been detected
1524028111208	Marionette	DEBUG	Canceled page load listener because no navigation has been detected
1524028117491	Marionette	DEBUG	Canceled page load listener because no navigation has been detected
1524028123774	Marionette	DEBUG	Canceled page load listener because no navigation has been detected
1524028130131	Marionette	DEBUG	Canceled page load listener because no navigation has been detected
1524028136413	Marionette	DEBUG	Canceled page load listener because no navigation has been detected
1524028142695	Marionette	DEBUG	Canceled page load listener because no navigation has been detected
1524028148977	Marionette	DEBUG	Canceled page load listener because no navigation has been detected
1524028392688	Marionette	DEBUG	Received DOM event "beforeunload" for "https://www.1393p.com/pk10/shdd"
1524028393183	Marionette	DEBUG	Received DOM event "pagehide" for "https://www.1393p.com/pk10/shdd"
1524028393185	Marionette	DEBUG	Received DOM event "unload" for "https://www.1393p.com/pk10/shdd"
1524028393685	Marionette	DEBUG	Received DOM event "DOMContentLoaded" for "https://www.1393p.com/pk10/shdd"
JavaScript warning: https://www.googletagmanager.com/gtag/js?id=UA-108446227-1, line 69: unreachable code after return statement
1524028395530	Marionette	DEBUG	Received DOM event "pageshow" for "https://www.1393p.com/pk10/shdd"
JavaScript warning: https://www.googletagmanager.com/gtag/js?id=UA-108446227-1, line 69: unreachable code after return statement
1524028397794	Marionette	DEBUG	Canceled page load listener because no navigation has been detected
1524028404091	Marionette	DEBUG	Canceled page load listener because no navigation has been detected
1524028410374	Marionette	DEBUG	Canceled page load listener because no navigation has been detected
1524028416658	Marionette	DEBUG	Canceled page load listener because no navigation has been detected
1524028422996	Marionette	DEBUG	Canceled page load listener because no navigation has been detected
1524028429276	Marionette	DEBUG	Canceled page load listener because no navigation has been detected
1524028435558	Marionette	DEBUG	Canceled page load listener because no navigation has been detected
1524028441877	Marionette	DEBUG	Canceled page load listener because no navigation has been detected
1524028448154	Marionette	DEBUG	Canceled page load listener because no navigation has been detected
1524028454433	Marionette	DEBUG	Canceled page load listener because no navigation has been detected
1524028688440	Marionette	DEBUG	Received DOM event "beforeunload" for "https://www.1393p.com/pk10/shdd"
1524028688963	Marionette	DEBUG	Received DOM event "pagehide" for "https://www.1393p.com/pk10/shdd"
1524028688965	Marionette	DEBUG	Received DOM event "unload" for "https://www.1393p.com/pk10/shdd"
1524028689371	Marionette	DEBUG	Received DOM event "DOMContentLoaded" for "https://www.1393p.com/pk10/shdd"
JavaScript warning: https://www.googletagmanager.com/gtag/js?id=UA-108446227-1, line 69: unreachable code after return statement
1524028689918	Marionette	DEBUG	Received DOM event "pageshow" for "https://www.1393p.com/pk10/shdd"
JavaScript warning: https://www.googletagmanager.com/gtag/js?id=UA-108446227-1, line 69: unreachable code after return statement
1524028692181	Marionette	DEBUG	Canceled page load listener because no navigation has been detected
1524028698470	Marionette	DEBUG	Canceled page load listener because no navigation has been detected
1524028704755	Marionette	DEBUG	Canceled page load listener because no navigation has been detected
1524028711095	Marionette	DEBUG	Canceled page load listener because no navigation has been detected
1524028717378	Marionette	DEBUG	Canceled page load listener because no navigation has been detected
1524028723662	Marionette	DEBUG	Canceled page load listener because no navigation has been detected
1524028729939	Marionette	DEBUG	Canceled page load listener because no navigation has been detected
1524028736219	Marionette	DEBUG	Canceled page load listener because no navigation has been detected
1524028742495	Marionette	DEBUG	Canceled page load listener because no navigation has been detected
1524028748782	Marionette	DEBUG	Canceled page load listener because no navigation has been detected
1524028992797	Marionette	DEBUG	Received DOM event "beforeunload" for "https://www.1393p.com/pk10/shdd"
1524028993343	Marionette	DEBUG	Received DOM event "pagehide" for "https://www.1393p.com/pk10/shdd"
1524028993345	Marionette	DEBUG	Received DOM event "unload" for "https://www.1393p.com/pk10/shdd"
1524028993750	Marionette	DEBUG	Received DOM event "DOMContentLoaded" for "https://www.1393p.com/pk10/shdd"
JavaScript warning: https://www.googletagmanager.com/gtag/js?id=UA-108446227-1, line 69: unreachable code after return statement
JavaScript warning: https://www.googletagmanager.com/gtag/js?id=UA-108446227-1, line 69: unreachable code after return statement
1524028999776	Marionette	DEBUG	Received DOM event "pageshow" for "https://www.1393p.com/pk10/shdd"
1524029002035	Marionette	DEBUG	Canceled page load listener because no navigation has been detected
1524029008382	Marionette	DEBUG	Canceled page load listener because no navigation has been detected
1524029014671	Marionette	DEBUG	Canceled page load listener because no navigation has been detected
1524029020959	Marionette	DEBUG	Canceled page load listener because no navigation has been detected
1524029027238	Marionette	DEBUG	Canceled page load listener because no navigation has been detected
1524029033521	Marionette	DEBUG	Canceled page load listener because no navigation has been detected
1524029039809	Marionette	DEBUG	Canceled page load listener because no navigation has been detected
1524029046100	Marionette	DEBUG	Canceled page load listener because no navigation has been detected
1524029052383	Marionette	DEBUG	Canceled page load listener because no navigation has been detected
1524029058679	Marionette	DEBUG	Canceled page load listener because no navigation has been detected
1524029292946	Marionette	DEBUG	Received DOM event "beforeunload" for "https://www.1393p.com/pk10/shdd"
1524029293773	Marionette	DEBUG	Received DOM event "pagehide" for "https://www.1393p.com/pk10/shdd"
1524029293775	Marionette	DEBUG	Received DOM event "unload" for "https://www.1393p.com/pk10/shdd"
1524029294329	Marionette	DEBUG	Received DOM event "DOMContentLoaded" for "https://www.1393p.com/pk10/shdd"
JavaScript warning: https://www.googletagmanager.com/gtag/js?id=UA-108446227-1, line 69: unreachable code after return statement
1524029296107	Marionette	DEBUG	Received DOM event "pageshow" for "https://www.1393p.com/pk10/shdd"
JavaScript warning: https://www.googletagmanager.com/gtag/js?id=UA-108446227-1, line 69: unreachable code after return statement
1524029298364	Marionette	DEBUG	Canceled page load listener because no navigation has been detected
1524029304688	Marionette	DEBUG	Canceled page load listener because no navigation has been detected
1524029310973	Marionette	DEBUG	Canceled page load listener because no navigation has been detected
1524029317290	Marionette	DEBUG	Canceled page load listener because no navigation has been detected
1524029323589	Marionette	DEBUG	Canceled page load listener because no navigation has been detected
1524029329907	Marionette	DEBUG	Canceled page load listener because no navigation has been detected
1524029336187	Marionette	DEBUG	Canceled page load listener because no navigation has been detected
1524029342469	Marionette	DEBUG	Canceled page load listener because no navigation has been detected
1524029348822	Marionette	DEBUG	Canceled page load listener because no navigation has been detected
1524029355102	Marionette	DEBUG	Canceled page load listener because no navigation has been detected
1524029595285	Marionette	DEBUG	Received DOM event "beforeunload" for "https://www.1393p.com/pk10/shdd"
1524029595915	Marionette	DEBUG	Received DOM event "pagehide" for "https://www.1393p.com/pk10/shdd"
1524029595916	Marionette	DEBUG	Received DOM event "unload" for "https://www.1393p.com/pk10/shdd"
JavaScript warning: https://www.googletagmanager.com/gtag/js?id=UA-108446227-1, line 69: unreachable code after return statement
1524029596640	Marionette	DEBUG	Received DOM event "DOMContentLoaded" for "https://www.1393p.com/pk10/shdd"
JavaScript warning: https://www.googletagmanager.com/gtag/js?id=UA-108446227-1, line 69: unreachable code after return statement
1524029600231	Marionette	DEBUG	Received DOM event "pageshow" for "https://www.1393p.com/pk10/shdd"
1524029602600	Marionette	DEBUG	Canceled page load listener because no navigation has been detected
1524029608939	Marionette	DEBUG	Canceled page load listener because no navigation has been detected
1524029615219	Marionette	DEBUG	Canceled page load listener because no navigation has been detected
1524029621506	Marionette	DEBUG	Canceled page load listener because no navigation has been detected
1524029627791	Marionette	DEBUG	Canceled page load listener because no navigation has been detected
1524029634068	Marionette	DEBUG	Canceled page load listener because no navigation has been detected
1524029640447	Marionette	DEBUG	Canceled page load listener because no navigation has been detected
1524029646739	Marionette	DEBUG	Canceled page load listener because no navigation has been detected
1524029653014	Marionette	DEBUG	Canceled page load listener because no navigation has been detected
1524029659293	Marionette	DEBUG	Canceled page load listener because no navigation has been detected
1524029899373	Marionette	DEBUG	Received DOM event "beforeunload" for "https://www.1393p.com/pk10/shdd"
1524029899899	Marionette	DEBUG	Received DOM event "pagehide" for "https://www.1393p.com/pk10/shdd"
1524029899901	Marionette	DEBUG	Received DOM event "unload" for "https://www.1393p.com/pk10/shdd"
JavaScript warning: https://www.googletagmanager.com/gtag/js?id=UA-108446227-1, line 69: unreachable code after return statement
1524029901359	Marionette	DEBUG	Received DOM event "DOMContentLoaded" for "https://www.1393p.com/pk10/shdd"
JavaScript warning: https://www.googletagmanager.com/gtag/js?id=UA-108446227-1, line 69: unreachable code after return statement
1524029905119	Marionette	DEBUG	Received DOM event "pageshow" for "https://www.1393p.com/pk10/shdd"
1524029907454	Marionette	DEBUG	Canceled page load listener because no navigation has been detected
1524029913739	Marionette	DEBUG	Canceled page load listener because no navigation has been detected
1524029920318	Marionette	DEBUG	Canceled page load listener because no navigation has been detected
1524029926845	Marionette	DEBUG	Canceled page load listener because no navigation has been detected
1524029933315	Marionette	DEBUG	Canceled page load listener because no navigation has been detected
1524029940074	Marionette	DEBUG	Canceled page load listener because no navigation has been detected
1524029946682	Marionette	DEBUG	Canceled page load listener because no navigation has been detected
1524029953079	Marionette	DEBUG	Canceled page load listener because no navigation has been detected
1524029959629	Marionette	DEBUG	Canceled page load listener because no navigation has been detected
1524029966128	Marionette	DEBUG	Canceled page load listener because no navigation has been detected
1524030197795	Marionette	DEBUG	Received DOM event "beforeunload" for "https://www.1393p.com/pk10/shdd"
1524030198314	Marionette	DEBUG	Received DOM event "pagehide" for "https://www.1393p.com/pk10/shdd"
1524030198316	Marionette	DEBUG	Received DOM event "unload" for "https://www.1393p.com/pk10/shdd"
1524030198742	Marionette	DEBUG	Received DOM event "DOMContentLoaded" for "https://www.1393p.com/pk10/shdd"
JavaScript warning: https://www.googletagmanager.com/gtag/js?id=UA-108446227-1, line 69: unreachable code after return statement
JavaScript warning: https://www.googletagmanager.com/gtag/js?id=UA-108446227-1, line 69: unreachable code after return statement
1524030204590	Marionette	DEBUG	Received DOM event "pageshow" for "https://www.1393p.com/pk10/shdd"
1524030208847	Marionette	DEBUG	Canceled page load listener because no navigation has been detected
1524030215131	Marionette	DEBUG	Canceled page load listener because no navigation has been detected
1524030221424	Marionette	DEBUG	Canceled page load listener because no navigation has been detected
1524030227775	Marionette	DEBUG	Canceled page load listener because no navigation has been detected
1524030234134	Marionette	DEBUG	Canceled page load listener because no navigation has been detected
1524030240422	Marionette	DEBUG	Canceled page load listener because no navigation has been detected
1524030246711	Marionette	DEBUG	Canceled page load listener because no navigation has been detected
1524030252994	Marionette	DEBUG	Canceled page load listener because no navigation has been detected
1524030259283	Marionette	DEBUG	Canceled page load listener because no navigation has been detected
1524030265579	Marionette	DEBUG	Canceled page load listener because no navigation has been detected
1524030499886	Marionette	DEBUG	Received DOM event "beforeunload" for "https://www.1393p.com/pk10/shdd"
1524030502466	Marionette	DEBUG	Received DOM event "pagehide" for "https://www.1393p.com/pk10/shdd"
1524030502468	Marionette	DEBUG	Received DOM event "unload" for "https://www.1393p.com/pk10/shdd"
1524030502881	Marionette	DEBUG	Received DOM event "DOMContentLoaded" for "https://www.1393p.com/pk10/shdd"
JavaScript warning: https://www.googletagmanager.com/gtag/js?id=UA-108446227-1, line 69: unreachable code after return statement
JavaScript warning: https://www.googletagmanager.com/gtag/js?id=UA-108446227-1, line 69: unreachable code after return statement
1524030504952	Marionette	DEBUG	Received DOM event "pageshow" for "https://www.1393p.com/pk10/shdd"
1524030507227	Marionette	DEBUG	Canceled page load listener because no navigation has been detected
1524030513514	Marionette	DEBUG	Canceled page load listener because no navigation has been detected
1524030519900	Marionette	DEBUG	Canceled page load listener because no navigation has been detected
1524030526181	Marionette	DEBUG	Canceled page load listener because no navigation has been detected
1524030532481	Marionette	DEBUG	Canceled page load listener because no navigation has been detected
1524030538758	Marionette	DEBUG	Canceled page load listener because no navigation has been detected
1524030545040	Marionette	DEBUG	Canceled page load listener because no navigation has been detected
1524030551319	Marionette	DEBUG	Canceled page load listener because no navigation has been detected
1524030557595	Marionette	DEBUG	Canceled page load listener because no navigation has been detected
1524030563878	Marionette	DEBUG	Canceled page load listener because no navigation has been detected
1524030799888	Marionette	DEBUG	Received DOM event "beforeunload" for "https://www.1393p.com/pk10/shdd"
1524030800402	Marionette	DEBUG	Received DOM event "pagehide" for "https://www.1393p.com/pk10/shdd"
1524030800405	Marionette	DEBUG	Received DOM event "unload" for "https://www.1393p.com/pk10/shdd"
JavaScript warning: https://www.googletagmanager.com/gtag/js?id=UA-108446227-1, line 69: unreachable code after return statement
1524030800959	Marionette	DEBUG	Received DOM event "DOMContentLoaded" for "https://www.1393p.com/pk10/shdd"
JavaScript warning: https://www.googletagmanager.com/gtag/js?id=UA-108446227-1, line 69: unreachable code after return statement
1524030806654	Marionette	DEBUG	Received DOM event "pageshow" for "https://www.1393p.com/pk10/shdd"
1524030808916	Marionette	DEBUG	Canceled page load listener because no navigation has been detected
1524030815206	Marionette	DEBUG	Canceled page load listener because no navigation has been detected
1524030821489	Marionette	DEBUG	Canceled page load listener because no navigation has been detected
1524030827781	Marionette	DEBUG	Canceled page load listener because no navigation has been detected
1524030834060	Marionette	DEBUG	Canceled page load listener because no navigation has been detected
1524030840388	Marionette	DEBUG	Canceled page load listener because no navigation has been detected
1524030846671	Marionette	DEBUG	Canceled page load listener because no navigation has been detected
1524030852992	Marionette	DEBUG	Canceled page load listener because no navigation has been detected
1524030859277	Marionette	DEBUG	Canceled page load listener because no navigation has been detected
1524030865667	Marionette	DEBUG	Canceled page load listener because no navigation has been detected
