2018-07-10 18:52:06,410 - append_predict.report - INFO - ===============日期:2018-07-08
2018-07-10 18:52:06,538 - append_predict.report - INFO - 开奖号码:691630, 本期总下注:5, 命中数:1, 下注金额:1
2018-07-10 18:52:06,539 - append_predict.report - INFO - 本期盈利:4.9, 追加循环盈利:4.9
2018-07-10 18:52:06,539 - append_predict.report - INFO - 开奖号码:691631, 本期总下注:5, 命中数:1, 下注金额:1
2018-07-10 18:52:06,539 - append_predict.report - INFO - 本期盈利:4.9, 追加循环盈利:4.9
2018-07-10 18:52:06,539 - append_predict.report - INFO - 开奖号码:691632, 本期总下注:7, 命中数:0, 下注金额:1
2018-07-10 18:52:06,539 - append_predict.report - INFO - 本期盈利:-7.0, 追加循环盈利:-7.0
2018-07-10 18:52:06,540 - append_predict.report - INFO - 开奖号码:691633, 本期总下注:5, 命中数:1, 下注金额:2.0
2018-07-10 18:52:06,540 - append_predict.report - INFO - 本期盈利:9.8, 追加循环盈利:2.8
2018-07-10 18:52:06,540 - append_predict.report - INFO - 开奖号码:691634, 本期总下注:7, 命中数:1, 下注金额:1
2018-07-10 18:52:06,540 - append_predict.report - INFO - 本期盈利:2.9, 追加循环盈利:2.9
2018-07-10 18:52:06,540 - append_predict.report - INFO - 开奖号码:691635, 本期总下注:6, 命中数:1, 下注金额:1
2018-07-10 18:52:06,542 - append_predict.report - INFO - 本期盈利:3.9, 追加循环盈利:3.9
2018-07-10 18:52:06,542 - append_predict.report - INFO - 开奖号码:691636, 本期总下注:6, 命中数:0, 下注金额:1
2018-07-10 18:52:06,542 - append_predict.report - INFO - 本期盈利:-6.0, 追加循环盈利:-6.0
2018-07-10 18:52:06,542 - append_predict.report - INFO - 开奖号码:691637, 本期总下注:8, 命中数:1, 下注金额:3.0
2018-07-10 18:52:06,542 - append_predict.report - INFO - 本期盈利:5.7, 追加循环盈利:-0.3
2018-07-10 18:52:06,542 - append_predict.report - INFO - 开奖号码:691638, 本期总下注:5, 命中数:1, 下注金额:1
2018-07-10 18:52:06,542 - append_predict.report - INFO - 本期盈利:4.9, 追加循环盈利:4.6
2018-07-10 18:52:06,542 - append_predict.report - INFO - 开奖号码:691639, 本期总下注:7, 命中数:0, 下注金额:1
2018-07-10 18:52:06,542 - append_predict.report - INFO - 本期盈利:-7.0, 追加循环盈利:-7.0
2018-07-10 18:52:06,542 - append_predict.report - INFO - 开奖号码:691640, 本期总下注:7, 命中数:1, 下注金额:3.0
2018-07-10 18:52:06,542 - append_predict.report - INFO - 本期盈利:8.7, 追加循环盈利:1.7
2018-07-10 18:52:06,543 - append_predict.report - INFO - 开奖号码:691641, 本期总下注:7, 命中数:1, 下注金额:1
2018-07-10 18:52:06,543 - append_predict.report - INFO - 本期盈利:2.9, 追加循环盈利:2.9
2018-07-10 18:52:06,543 - append_predict.report - INFO - 开奖号码:691642, 本期总下注:6, 命中数:0, 下注金额:1
2018-07-10 18:52:06,543 - append_predict.report - INFO - 本期盈利:-6.0, 追加循环盈利:-6.0
2018-07-10 18:52:06,545 - append_predict.report - INFO - 开奖号码:691643, 本期总下注:6, 命中数:0, 下注金额:2.0
2018-07-10 18:52:06,545 - append_predict.report - INFO - 本期盈利:-12.0, 追加循环盈利:-18.0
2018-07-10 18:52:06,545 - append_predict.report - INFO - 开奖号码:691644, 本期总下注:6, 命中数:1, 下注金额:5.0
2018-07-10 18:52:06,545 - append_predict.report - INFO - 本期盈利:19.5, 追加循环盈利:1.5
2018-07-10 18:52:06,545 - append_predict.report - INFO - 开奖号码:691645, 本期总下注:7, 命中数:1, 下注金额:1
2018-07-10 18:52:06,546 - append_predict.report - INFO - 本期盈利:2.9, 追加循环盈利:2.9
2018-07-10 18:52:06,546 - append_predict.report - INFO - 开奖号码:691646, 本期总下注:7, 命中数:1, 下注金额:1
2018-07-10 18:52:06,546 - append_predict.report - INFO - 本期盈利:2.9, 追加循环盈利:2.9
2018-07-10 18:52:06,546 - append_predict.report - INFO - 开奖号码:691647, 本期总下注:8, 命中数:1, 下注金额:1
2018-07-10 18:52:06,546 - append_predict.report - INFO - 本期盈利:1.9, 追加循环盈利:1.9
2018-07-10 18:52:06,546 - append_predict.report - INFO - 开奖号码:691648, 本期总下注:6, 命中数:1, 下注金额:1
2018-07-10 18:52:06,548 - append_predict.report - INFO - 本期盈利:3.9, 追加循环盈利:3.9
2018-07-10 18:52:06,548 - append_predict.report - INFO - 开奖号码:691649, 本期总下注:7, 命中数:1, 下注金额:1
2018-07-10 18:52:06,549 - append_predict.report - INFO - 本期盈利:2.9, 追加循环盈利:2.9
2018-07-10 18:52:06,549 - append_predict.report - INFO - 开奖号码:691650, 本期总下注:6, 命中数:1, 下注金额:1
2018-07-10 18:52:06,556 - append_predict.report - INFO - 本期盈利:3.9, 追加循环盈利:3.9
2018-07-10 18:52:06,558 - append_predict.report - INFO - 开奖号码:691651, 本期总下注:6, 命中数:1, 下注金额:1
2018-07-10 18:52:06,558 - append_predict.report - INFO - 本期盈利:3.9, 追加循环盈利:3.9
2018-07-10 18:52:06,558 - append_predict.report - INFO - 开奖号码:691652, 本期总下注:7, 命中数:1, 下注金额:1
2018-07-10 18:52:06,558 - append_predict.report - INFO - 本期盈利:2.9, 追加循环盈利:2.9
2018-07-10 18:52:06,559 - append_predict.report - INFO - 开奖号码:691653, 本期总下注:6, 命中数:0, 下注金额:1
2018-07-10 18:52:06,559 - append_predict.report - INFO - 本期盈利:-6.0, 追加循环盈利:-6.0
2018-07-10 18:52:06,559 - append_predict.report - INFO - 开奖号码:691654, 本期总下注:7, 命中数:1, 下注金额:2.0
2018-07-10 18:52:06,559 - append_predict.report - INFO - 本期盈利:5.8, 追加循环盈利:-0.2
2018-07-10 18:52:06,559 - append_predict.report - INFO - 开奖号码:691655, 本期总下注:5, 命中数:1, 下注金额:1
2018-07-10 18:52:06,559 - append_predict.report - INFO - 本期盈利:4.9, 追加循环盈利:4.7
2018-07-10 18:52:06,561 - append_predict.report - INFO - 开奖号码:691656, 本期总下注:8, 命中数:1, 下注金额:1
2018-07-10 18:52:06,561 - append_predict.report - INFO - 本期盈利:1.9, 追加循环盈利:1.9
2018-07-10 18:52:06,561 - append_predict.report - INFO - 开奖号码:691657, 本期总下注:7, 命中数:1, 下注金额:1
2018-07-10 18:52:06,561 - append_predict.report - INFO - 本期盈利:2.9, 追加循环盈利:2.9
2018-07-10 18:52:06,562 - append_predict.report - INFO - 开奖号码:691658, 本期总下注:7, 命中数:1, 下注金额:1
2018-07-10 18:52:06,562 - append_predict.report - INFO - 本期盈利:2.9, 追加循环盈利:2.9
2018-07-10 18:52:06,562 - append_predict.report - INFO - 开奖号码:691659, 本期总下注:5, 命中数:0, 下注金额:1
2018-07-10 18:52:06,562 - append_predict.report - INFO - 本期盈利:-5.0, 追加循环盈利:-5.0
2018-07-10 18:52:06,562 - append_predict.report - INFO - 开奖号码:691660, 本期总下注:6, 命中数:0, 下注金额:2.0
2018-07-10 18:52:06,562 - append_predict.report - INFO - 本期盈利:-12.0, 追加循环盈利:-17.0
2018-07-10 18:52:06,562 - append_predict.report - INFO - 开奖号码:691661, 本期总下注:7, 命中数:1, 下注金额:6.0
2018-07-10 18:52:06,562 - append_predict.report - INFO - 本期盈利:17.4, 追加循环盈利:0.4
2018-07-10 18:52:06,562 - append_predict.report - INFO - 开奖号码:691662, 本期总下注:7, 命中数:1, 下注金额:1
2018-07-10 18:52:06,563 - append_predict.report - INFO - 本期盈利:2.9, 追加循环盈利:2.9
2018-07-10 18:52:06,563 - append_predict.report - INFO - 开奖号码:691663, 本期总下注:7, 命中数:1, 下注金额:1
2018-07-10 18:52:06,563 - append_predict.report - INFO - 本期盈利:2.9, 追加循环盈利:2.9
2018-07-10 18:52:06,563 - append_predict.report - INFO - 开奖号码:691664, 本期总下注:6, 命中数:1, 下注金额:1
2018-07-10 18:52:06,563 - append_predict.report - INFO - 本期盈利:3.9, 追加循环盈利:3.9
2018-07-10 18:52:06,565 - append_predict.report - INFO - 开奖号码:691665, 本期总下注:7, 命中数:1, 下注金额:1
2018-07-10 18:52:06,565 - append_predict.report - INFO - 本期盈利:2.9, 追加循环盈利:2.9
2018-07-10 18:52:06,565 - append_predict.report - INFO - 开奖号码:691666, 本期总下注:7, 命中数:1, 下注金额:1
2018-07-10 18:52:06,565 - append_predict.report - INFO - 本期盈利:2.9, 追加循环盈利:2.9
2018-07-10 18:52:06,565 - append_predict.report - INFO - 开奖号码:691667, 本期总下注:6, 命中数:0, 下注金额:1
2018-07-10 18:52:06,565 - append_predict.report - INFO - 本期盈利:-6.0, 追加循环盈利:-6.0
2018-07-10 18:52:06,566 - append_predict.report - INFO - 开奖号码:691668, 本期总下注:7, 命中数:1, 下注金额:2.0
2018-07-10 18:52:06,566 - append_predict.report - INFO - 本期盈利:5.8, 追加循环盈利:-0.2
2018-07-10 18:52:06,566 - append_predict.report - INFO - 开奖号码:691669, 本期总下注:5, 命中数:1, 下注金额:1
2018-07-10 18:52:06,566 - append_predict.report - INFO - 本期盈利:4.9, 追加循环盈利:4.7
2018-07-10 18:52:06,566 - append_predict.report - INFO - 开奖号码:691670, 本期总下注:8, 命中数:1, 下注金额:1
2018-07-10 18:52:06,568 - append_predict.report - INFO - 本期盈利:1.9, 追加循环盈利:1.9
2018-07-10 18:52:06,568 - append_predict.report - INFO - 开奖号码:691671, 本期总下注:6, 命中数:0, 下注金额:1
2018-07-10 18:52:06,568 - append_predict.report - INFO - 本期盈利:-6.0, 追加循环盈利:-6.0
2018-07-10 18:52:06,569 - append_predict.report - INFO - 开奖号码:691672, 本期总下注:7, 命中数:0, 下注金额:2.0
2018-07-10 18:52:06,569 - append_predict.report - INFO - 本期盈利:-14.0, 追加循环盈利:-20.0
2018-07-10 18:52:06,569 - append_predict.report - INFO - 开奖号码:691673, 本期总下注:7, 命中数:1, 下注金额:7.0
2018-07-10 18:52:06,569 - append_predict.report - INFO - 本期盈利:20.3, 追加循环盈利:0.3
2018-07-10 18:52:06,569 - append_predict.report - INFO - 开奖号码:691674, 本期总下注:8, 命中数:1, 下注金额:1
2018-07-10 18:52:06,569 - append_predict.report - INFO - 本期盈利:1.9, 追加循环盈利:1.9
2018-07-10 18:52:06,569 - append_predict.report - INFO - 开奖号码:691675, 本期总下注:6, 命中数:0, 下注金额:1
2018-07-10 18:52:06,569 - append_predict.report - INFO - 本期盈利:-6.0, 追加循环盈利:-6.0
2018-07-10 18:52:06,569 - append_predict.report - INFO - 开奖号码:691676, 本期总下注:6, 命中数:0, 下注金额:2.0
2018-07-10 18:52:06,571 - append_predict.report - INFO - 本期盈利:-12.0, 追加循环盈利:-18.0
2018-07-10 18:52:06,571 - append_predict.report - INFO - 开奖号码:691677, 本期总下注:7, 命中数:0, 下注金额:6.0
2018-07-10 18:52:06,571 - append_predict.report - INFO - 本期盈利:-42.0, 追加循环盈利:-60.0
2018-07-10 18:52:06,571 - append_predict.report - INFO - 开奖号码:691678, 本期总下注:5, 命中数:0, 下注金额:12.0
2018-07-10 18:52:06,571 - append_predict.report - INFO - 本期盈利:-60.0, 追加循环盈利:-120.0
2018-07-10 18:52:06,572 - append_predict.report - INFO - 开奖号码:691679, 本期总下注:7, 命中数:1, 下注金额:40.0
2018-07-10 18:52:06,572 - append_predict.report - INFO - 本期盈利:116.0, 追加循环盈利:-4.0
2018-07-10 18:52:06,572 - append_predict.report - INFO - 开奖号码:691680, 本期总下注:7, 命中数:1, 下注金额:1
2018-07-10 18:52:06,572 - append_predict.report - INFO - 本期盈利:2.9, 追加循环盈利:-1.1
2018-07-10 18:52:06,572 - append_predict.report - INFO - 开奖号码:691681, 本期总下注:4, 命中数:0, 下注金额:1
2018-07-10 18:52:06,572 - append_predict.report - INFO - 本期盈利:-4.0, 追加循环盈利:-5.1
2018-07-10 18:52:06,572 - append_predict.report - INFO - 开奖号码:691682, 本期总下注:7, 命中数:1, 下注金额:2.0
2018-07-10 18:52:06,573 - append_predict.report - INFO - 本期盈利:5.8, 追加循环盈利:0.7
2018-07-10 18:52:06,573 - append_predict.report - INFO - 开奖号码:691683, 本期总下注:8, 命中数:1, 下注金额:1
2018-07-10 18:52:06,573 - append_predict.report - INFO - 本期盈利:1.9, 追加循环盈利:1.9
2018-07-10 18:52:06,573 - append_predict.report - INFO - 开奖号码:691684, 本期总下注:6, 命中数:1, 下注金额:1
2018-07-10 18:52:06,573 - append_predict.report - INFO - 本期盈利:3.9, 追加循环盈利:3.9
2018-07-10 18:52:06,575 - append_predict.report - INFO - 开奖号码:691685, 本期总下注:6, 命中数:0, 下注金额:1
2018-07-10 18:52:06,575 - append_predict.report - INFO - 本期盈利:-6.0, 追加循环盈利:-6.0
2018-07-10 18:52:06,575 - append_predict.report - INFO - 开奖号码:691686, 本期总下注:7, 命中数:0, 下注金额:2.0
2018-07-10 18:52:06,576 - append_predict.report - INFO - 本期盈利:-14.0, 追加循环盈利:-20.0
2018-07-10 18:52:06,576 - append_predict.report - INFO - 开奖号码:691687, 本期总下注:7, 命中数:1, 下注金额:7.0
2018-07-10 18:52:06,576 - append_predict.report - INFO - 本期盈利:20.3, 追加循环盈利:0.3
2018-07-10 18:52:06,576 - append_predict.report - INFO - 开奖号码:691688, 本期总下注:8, 命中数:0, 下注金额:1
2018-07-10 18:52:06,576 - append_predict.report - INFO - 本期盈利:-8.0, 追加循环盈利:-8.0
2018-07-10 18:52:06,578 - append_predict.report - INFO - 开奖号码:691689, 本期总下注:6, 命中数:1, 下注金额:2.0
2018-07-10 18:52:06,578 - append_predict.report - INFO - 本期盈利:7.8, 追加循环盈利:-0.2
2018-07-10 18:52:06,578 - append_predict.report - INFO - 开奖号码:691690, 本期总下注:8, 命中数:0, 下注金额:1
2018-07-10 18:52:06,578 - append_predict.report - INFO - 本期盈利:-8.0, 追加循环盈利:-8.2
2018-07-10 18:52:06,578 - append_predict.report - INFO - 开奖号码:691691, 本期总下注:7, 命中数:1, 下注金额:3.0
2018-07-10 18:52:06,578 - append_predict.report - INFO - 本期盈利:8.7, 追加循环盈利:0.5
2018-07-10 18:52:06,578 - append_predict.report - INFO - 开奖号码:691692, 本期总下注:6, 命中数:0, 下注金额:1
2018-07-10 18:52:06,578 - append_predict.report - INFO - 本期盈利:-6.0, 追加循环盈利:-6.0
2018-07-10 18:52:06,578 - append_predict.report - INFO - 开奖号码:691693, 本期总下注:7, 命中数:0, 下注金额:2.0
2018-07-10 18:52:06,578 - append_predict.report - INFO - 本期盈利:-14.0, 追加循环盈利:-20.0
2018-07-10 18:52:06,579 - append_predict.report - INFO - 开奖号码:691694, 本期总下注:7, 命中数:1, 下注金额:7.0
2018-07-10 18:52:06,579 - append_predict.report - INFO - 本期盈利:20.3, 追加循环盈利:0.3
2018-07-10 18:52:06,579 - append_predict.report - INFO - 开奖号码:691695, 本期总下注:7, 命中数:0, 下注金额:1
2018-07-10 18:52:06,579 - append_predict.report - INFO - 本期盈利:-7.0, 追加循环盈利:-7.0
2018-07-10 18:52:06,579 - append_predict.report - INFO - 开奖号码:691696, 本期总下注:7, 命中数:0, 下注金额:3.0
2018-07-10 18:52:06,581 - append_predict.report - INFO - 本期盈利:-21.0, 追加循环盈利:-28.0
2018-07-10 18:52:06,592 - append_predict.report - INFO - 开奖号码:691697, 本期总下注:9, 命中数:1, 下注金额:28.0
2018-07-10 18:52:06,592 - append_predict.report - INFO - 本期盈利:25.2, 追加循环盈利:-2.8
2018-07-10 18:52:06,594 - append_predict.report - INFO - 开奖号码:691698, 本期总下注:6, 命中数:0, 下注金额:1
2018-07-10 18:52:06,594 - append_predict.report - INFO - 本期盈利:-6.0, 追加循环盈利:-8.8
2018-07-10 18:52:06,595 - append_predict.report - INFO - 开奖号码:691699, 本期总下注:6, 命中数:0, 下注金额:3.0
2018-07-10 18:52:06,595 - append_predict.report - INFO - 本期盈利:-18.0, 追加循环盈利:-26.8
2018-07-10 18:52:06,595 - append_predict.report - INFO - 开奖号码:691700, 本期总下注:5, 命中数:1, 下注金额:6.0
2018-07-10 18:52:06,595 - append_predict.report - INFO - 本期盈利:29.4, 追加循环盈利:2.6
2018-07-10 18:52:06,595 - append_predict.report - INFO - 开奖号码:691701, 本期总下注:6, 命中数:0, 下注金额:1
2018-07-10 18:52:06,595 - append_predict.report - INFO - 本期盈利:-6.0, 追加循环盈利:-6.0
2018-07-10 18:52:06,595 - append_predict.report - INFO - 开奖号码:691702, 本期总下注:5, 命中数:0, 下注金额:2.0
2018-07-10 18:52:06,595 - append_predict.report - INFO - 本期盈利:-10.0, 追加循环盈利:-16.0
2018-07-10 18:52:06,595 - append_predict.report - INFO - 开奖号码:691703, 本期总下注:8, 命中数:1, 下注金额:8.0
2018-07-10 18:52:06,596 - append_predict.report - INFO - 本期盈利:15.2, 追加循环盈利:-0.8
2018-07-10 18:52:06,596 - append_predict.report - INFO - 开奖号码:691704, 本期总下注:6, 命中数:1, 下注金额:1
2018-07-10 18:52:06,596 - append_predict.report - INFO - 本期盈利:3.9, 追加循环盈利:3.1
2018-07-10 18:52:06,596 - append_predict.report - INFO - 开奖号码:691705, 本期总下注:7, 命中数:1, 下注金额:1
2018-07-10 18:52:06,596 - append_predict.report - INFO - 本期盈利:2.9, 追加循环盈利:2.9
2018-07-10 18:52:06,596 - append_predict.report - INFO - 开奖号码:691706, 本期总下注:6, 命中数:0, 下注金额:1
2018-07-10 18:52:06,598 - append_predict.report - INFO - 本期盈利:-6.0, 追加循环盈利:-6.0
2018-07-10 18:52:06,598 - append_predict.report - INFO - 开奖号码:691707, 本期总下注:6, 命中数:1, 下注金额:2.0
2018-07-10 18:52:06,598 - append_predict.report - INFO - 本期盈利:7.8, 追加循环盈利:1.8
2018-07-10 18:52:06,598 - append_predict.report - INFO - 开奖号码:691708, 本期总下注:5, 命中数:0, 下注金额:1
2018-07-10 18:52:06,598 - append_predict.report - INFO - 本期盈利:-5.0, 追加循环盈利:-5.0
2018-07-10 18:52:06,598 - append_predict.report - INFO - 开奖号码:691709, 本期总下注:6, 命中数:0, 下注金额:2.0
2018-07-10 18:52:06,598 - append_predict.report - INFO - 本期盈利:-12.0, 追加循环盈利:-17.0
2018-07-10 18:52:06,599 - append_predict.report - INFO - 开奖号码:691710, 本期总下注:7, 命中数:0, 下注金额:6.0
2018-07-10 18:52:06,599 - append_predict.report - INFO - 本期盈利:-42.0, 追加循环盈利:-59.0
2018-07-10 18:52:06,599 - append_predict.report - INFO - 开奖号码:691711, 本期总下注:5, 命中数:1, 下注金额:12.0
2018-07-10 18:52:06,599 - append_predict.report - INFO - 本期盈利:58.8, 追加循环盈利:-0.2
2018-07-10 18:52:06,601 - append_predict.report - INFO - 开奖号码:691712, 本期总下注:6, 命中数:0, 下注金额:1
2018-07-10 18:52:06,601 - append_predict.report - INFO - 本期盈利:-6.0, 追加循环盈利:-6.2
2018-07-10 18:52:06,601 - append_predict.report - INFO - 开奖号码:691713, 本期总下注:8, 命中数:1, 下注金额:4.0
2018-07-10 18:52:06,601 - append_predict.report - INFO - 本期盈利:7.6, 追加循环盈利:1.4
2018-07-10 18:52:06,601 - append_predict.report - INFO - 开奖号码:691714, 本期总下注:7, 命中数:1, 下注金额:1
2018-07-10 18:52:06,601 - append_predict.report - INFO - 本期盈利:2.9, 追加循环盈利:2.9
2018-07-10 18:52:06,601 - append_predict.report - INFO - 开奖号码:691715, 本期总下注:6, 命中数:1, 下注金额:1
2018-07-10 18:52:06,602 - append_predict.report - INFO - 本期盈利:3.9, 追加循环盈利:3.9
2018-07-10 18:52:06,602 - append_predict.report - INFO - 开奖号码:691716, 本期总下注:6, 命中数:1, 下注金额:1
2018-07-10 18:52:06,602 - append_predict.report - INFO - 本期盈利:3.9, 追加循环盈利:3.9
2018-07-10 18:52:06,602 - append_predict.report - INFO - 开奖号码:691717, 本期总下注:6, 命中数:1, 下注金额:1
2018-07-10 18:52:06,602 - append_predict.report - INFO - 本期盈利:3.9, 追加循环盈利:3.9
2018-07-10 18:52:06,604 - append_predict.report - INFO - 开奖号码:691718, 本期总下注:7, 命中数:1, 下注金额:1
2018-07-10 18:52:06,604 - append_predict.report - INFO - 本期盈利:2.9, 追加循环盈利:2.9
2018-07-10 18:52:06,604 - append_predict.report - INFO - 开奖号码:691719, 本期总下注:7, 命中数:1, 下注金额:1
2018-07-10 18:52:06,604 - append_predict.report - INFO - 本期盈利:2.9, 追加循环盈利:2.9
2018-07-10 18:52:06,605 - append_predict.report - INFO - 开奖号码:691720, 本期总下注:7, 命中数:0, 下注金额:1
2018-07-10 18:52:06,605 - append_predict.report - INFO - 本期盈利:-7.0, 追加循环盈利:-7.0
2018-07-10 18:52:06,605 - append_predict.report - INFO - 开奖号码:691721, 本期总下注:5, 命中数:1, 下注金额:2.0
2018-07-10 18:52:06,605 - append_predict.report - INFO - 本期盈利:9.8, 追加循环盈利:2.8
2018-07-10 18:52:06,605 - append_predict.report - INFO - 开奖号码:691722, 本期总下注:7, 命中数:1, 下注金额:1
2018-07-10 18:52:06,605 - append_predict.report - INFO - 本期盈利:2.9, 追加循环盈利:2.9
2018-07-10 18:52:06,605 - append_predict.report - INFO - 开奖号码:691723, 本期总下注:6, 命中数:0, 下注金额:1
2018-07-10 18:52:06,607 - append_predict.report - INFO - 本期盈利:-6.0, 追加循环盈利:-6.0
2018-07-10 18:52:06,607 - append_predict.report - INFO - 开奖号码:691724, 本期总下注:6, 命中数:0, 下注金额:2.0
2018-07-10 18:52:06,607 - append_predict.report - INFO - 本期盈利:-12.0, 追加循环盈利:-18.0
2018-07-10 18:52:06,607 - append_predict.report - INFO - 开奖号码:691725, 本期总下注:6, 命中数:1, 下注金额:5.0
2018-07-10 18:52:06,607 - append_predict.report - INFO - 本期盈利:19.5, 追加循环盈利:1.5
2018-07-10 18:52:06,608 - append_predict.report - INFO - 开奖号码:691726, 本期总下注:7, 命中数:0, 下注金额:1
2018-07-10 18:52:06,608 - append_predict.report - INFO - 本期盈利:-7.0, 追加循环盈利:-7.0
2018-07-10 18:52:06,608 - append_predict.report - INFO - 开奖号码:691727, 本期总下注:6, 命中数:1, 下注金额:2.0
2018-07-10 18:52:06,608 - append_predict.report - INFO - 本期盈利:7.8, 追加循环盈利:0.8
2018-07-10 18:52:06,608 - append_predict.report - INFO - 开奖号码:691728, 本期总下注:7, 命中数:1, 下注金额:1
2018-07-10 18:52:06,608 - append_predict.report - INFO - 本期盈利:2.9, 追加循环盈利:2.9
2018-07-10 18:52:06,608 - append_predict.report - INFO - 开奖号码:691729, 本期总下注:6, 命中数:1, 下注金额:1
2018-07-10 18:52:06,609 - append_predict.report - INFO - 本期盈利:3.9, 追加循环盈利:3.9
2018-07-10 18:52:06,609 - append_predict.report - INFO - 开奖号码:691730, 本期总下注:6, 命中数:1, 下注金额:1
2018-07-10 18:52:06,609 - append_predict.report - INFO - 本期盈利:3.9, 追加循环盈利:3.9
2018-07-10 18:52:06,611 - append_predict.report - INFO - 开奖号码:691731, 本期总下注:7, 命中数:1, 下注金额:1
2018-07-10 18:52:06,611 - append_predict.report - INFO - 本期盈利:2.9, 追加循环盈利:2.9
2018-07-10 18:52:06,611 - append_predict.report - INFO - 开奖号码:691732, 本期总下注:8, 命中数:0, 下注金额:1
2018-07-10 18:52:06,611 - append_predict.report - INFO - 本期盈利:-8.0, 追加循环盈利:-8.0
2018-07-10 18:52:06,611 - append_predict.report - INFO - 开奖号码:691733, 本期总下注:7, 命中数:0, 下注金额:3.0
2018-07-10 18:52:06,611 - append_predict.report - INFO - 本期盈利:-21.0, 追加循环盈利:-29.0
2018-07-10 18:52:06,611 - append_predict.report - INFO - 开奖号码:691734, 本期总下注:6, 命中数:1, 下注金额:8.0
2018-07-10 18:52:06,611 - append_predict.report - INFO - 本期盈利:31.2, 追加循环盈利:2.2
2018-07-10 18:52:06,611 - append_predict.report - INFO - 开奖号码:691735, 本期总下注:8, 命中数:0, 下注金额:1
2018-07-10 18:52:06,612 - append_predict.report - INFO - 本期盈利:-8.0, 追加循环盈利:-8.0
2018-07-10 18:52:06,612 - append_predict.report - INFO - 开奖号码:691736, 本期总下注:6, 命中数:1, 下注金额:2.0
2018-07-10 18:52:06,612 - append_predict.report - INFO - 本期盈利:7.8, 追加循环盈利:-0.2
2018-07-10 18:52:06,612 - append_predict.report - INFO - 开奖号码:691737, 本期总下注:6, 命中数:0, 下注金额:1
2018-07-10 18:52:06,612 - append_predict.report - INFO - 本期盈利:-6.0, 追加循环盈利:-6.2
2018-07-10 18:52:06,612 - append_predict.report - INFO - 开奖号码:691738, 本期总下注:5, 命中数:1, 下注金额:2.0
2018-07-10 18:52:06,614 - append_predict.report - INFO - 本期盈利:9.8, 追加循环盈利:3.6
2018-07-10 18:52:06,614 - append_predict.report - INFO - 开奖号码:691739, 本期总下注:6, 命中数:1, 下注金额:1
2018-07-10 18:52:06,614 - append_predict.report - INFO - 本期盈利:3.9, 追加循环盈利:3.9
2018-07-10 18:52:06,614 - append_predict.report - INFO - 开奖号码:691740, 本期总下注:5, 命中数:1, 下注金额:1
2018-07-10 18:52:06,614 - append_predict.report - INFO - 本期盈利:4.9, 追加循环盈利:4.9
2018-07-10 18:52:06,614 - append_predict.report - INFO - 开奖号码:691741, 本期总下注:6, 命中数:0, 下注金额:1
2018-07-10 18:52:06,615 - append_predict.report - INFO - 本期盈利:-6.0, 追加循环盈利:-6.0
2018-07-10 18:52:06,615 - append_predict.report - INFO - 开奖号码:691742, 本期总下注:7, 命中数:1, 下注金额:2.0
2018-07-10 18:52:06,615 - append_predict.report - INFO - 本期盈利:5.8, 追加循环盈利:-0.2
2018-07-10 18:52:06,615 - append_predict.report - INFO - 开奖号码:691743, 本期总下注:5, 命中数:1, 下注金额:1
2018-07-10 18:52:06,615 - append_predict.report - INFO - 本期盈利:4.9, 追加循环盈利:4.7
2018-07-10 18:52:06,615 - append_predict.report - INFO - 开奖号码:691744, 本期总下注:5, 命中数:0, 下注金额:1
2018-07-10 18:52:06,615 - append_predict.report - INFO - 本期盈利:-5.0, 追加循环盈利:-5.0
2018-07-10 18:52:06,615 - append_predict.report - INFO - 开奖号码:691745, 本期总下注:7, 命中数:1, 下注金额:2.0
2018-07-10 18:52:06,615 - append_predict.report - INFO - 本期盈利:5.8, 追加循环盈利:0.8
2018-07-10 18:52:06,615 - append_predict.report - INFO - 开奖号码:691746, 本期总下注:6, 命中数:0, 下注金额:1
2018-07-10 18:52:06,617 - append_predict.report - INFO - 本期盈利:-6.0, 追加循环盈利:-6.0
2018-07-10 18:52:06,617 - append_predict.report - INFO - 开奖号码:691747, 本期总下注:8, 命中数:1, 下注金额:3.0
2018-07-10 18:52:06,617 - append_predict.report - INFO - 本期盈利:5.7, 追加循环盈利:-0.3
2018-07-10 18:52:06,618 - append_predict.report - INFO - 开奖号码:691748, 本期总下注:8, 命中数:1, 下注金额:1
2018-07-10 18:52:06,618 - append_predict.report - INFO - 本期盈利:1.9, 追加循环盈利:1.6
2018-07-10 18:52:06,618 - append_predict.report - INFO - 开奖号码:691749, 本期总下注:8, 命中数:1, 下注金额:1
2018-07-10 18:52:06,618 - append_predict.report - INFO - 本期盈利:1.9, 追加循环盈利:1.9
2018-07-10 18:52:06,618 - append_predict.report - INFO - 开奖号码:691750, 本期总下注:6, 命中数:0, 下注金额:1
2018-07-10 18:52:06,618 - append_predict.report - INFO - 本期盈利:-6.0, 追加循环盈利:-6.0
2018-07-10 18:52:06,618 - append_predict.report - INFO - 开奖号码:691751, 本期总下注:6, 命中数:1, 下注金额:2.0
2018-07-10 18:52:06,619 - append_predict.report - INFO - 本期盈利:7.8, 追加循环盈利:1.8
2018-07-10 18:52:06,619 - append_predict.report - INFO - 开奖号码:691752, 本期总下注:5, 命中数:0, 下注金额:1
2018-07-10 18:52:06,619 - append_predict.report - INFO - 本期盈利:-5.0, 追加循环盈利:-5.0
2018-07-10 18:52:06,619 - append_predict.report - INFO - 开奖号码:691753, 本期总下注:8, 命中数:1, 下注金额:3.0
2018-07-10 18:52:06,619 - append_predict.report - INFO - 本期盈利:5.7, 追加循环盈利:0.7
2018-07-10 18:52:06,621 - append_predict.report - INFO - 开奖号码:691754, 本期总下注:7, 命中数:0, 下注金额:1
2018-07-10 18:52:06,621 - append_predict.report - INFO - 本期盈利:-7.0, 追加循环盈利:-7.0
2018-07-10 18:52:06,621 - append_predict.report - INFO - 开奖号码:691755, 本期总下注:5, 命中数:1, 下注金额:2.0
2018-07-10 18:52:06,621 - append_predict.report - INFO - 本期盈利:9.8, 追加循环盈利:2.8
2018-07-10 18:52:06,621 - append_predict.report - INFO - 开奖号码:691756, 本期总下注:9, 命中数:1, 下注金额:1
2018-07-10 18:52:06,621 - append_predict.report - INFO - 本期盈利:0.9, 追加循环盈利:0.9
2018-07-10 18:52:06,621 - append_predict.report - INFO - 开奖号码:691757, 本期总下注:6, 命中数:1, 下注金额:1
2018-07-10 18:52:06,621 - append_predict.report - INFO - 本期盈利:3.9, 追加循环盈利:3.9
2018-07-10 18:52:06,621 - append_predict.report - INFO - 开奖号码:691758, 本期总下注:5, 命中数:1, 下注金额:1
2018-07-10 18:52:06,621 - append_predict.report - INFO - 本期盈利:4.9, 追加循环盈利:4.9
2018-07-10 18:52:06,621 - append_predict.report - INFO - 开奖号码:691759, 本期总下注:5, 命中数:1, 下注金额:1
2018-07-10 18:52:06,621 - append_predict.report - INFO - 本期盈利:4.9, 追加循环盈利:4.9
2018-07-10 18:52:06,621 - append_predict.report - INFO - 开奖号码:691760, 本期总下注:6, 命中数:0, 下注金额:1
2018-07-10 18:52:06,621 - append_predict.report - INFO - 本期盈利:-6.0, 追加循环盈利:-6.0
2018-07-10 18:52:06,622 - append_predict.report - INFO - 开奖号码:691761, 本期总下注:7, 命中数:0, 下注金额:2.0
2018-07-10 18:52:06,622 - append_predict.report - INFO - 本期盈利:-14.0, 追加循环盈利:-20.0
2018-07-10 18:52:06,622 - append_predict.report - INFO - 开奖号码:691762, 本期总下注:7, 命中数:1, 下注金额:7.0
2018-07-10 18:52:06,622 - append_predict.report - INFO - 本期盈利:20.3, 追加循环盈利:0.3
2018-07-10 18:52:06,622 - append_predict.report - INFO - 开奖号码:691763, 本期总下注:6, 命中数:1, 下注金额:1
2018-07-10 18:52:06,622 - append_predict.report - INFO - 本期盈利:3.9, 追加循环盈利:3.9
2018-07-10 18:52:06,624 - append_predict.report - INFO - 开奖号码:691764, 本期总下注:7, 命中数:1, 下注金额:1
2018-07-10 18:52:06,624 - append_predict.report - INFO - 本期盈利:2.9, 追加循环盈利:2.9
2018-07-10 18:52:06,625 - append_predict.report - INFO - 开奖号码:691765, 本期总下注:4, 命中数:1, 下注金额:1
2018-07-10 18:52:06,625 - append_predict.report - INFO - 本期盈利:5.9, 追加循环盈利:5.9
2018-07-10 18:52:06,625 - append_predict.report - INFO - 开奖号码:691766, 本期总下注:6, 命中数:0, 下注金额:1
2018-07-10 18:52:06,625 - append_predict.report - INFO - 本期盈利:-6.0, 追加循环盈利:-6.0
2018-07-10 18:52:06,625 - append_predict.report - INFO - 开奖号码:691767, 本期总下注:5, 命中数:0, 下注金额:2.0
2018-07-10 18:52:06,625 - append_predict.report - INFO - 本期盈利:-10.0, 追加循环盈利:-16.0
2018-07-10 18:52:06,625 - append_predict.report - INFO - 开奖号码:691768, 本期总下注:8, 命中数:1, 下注金额:8.0
2018-07-10 18:52:06,625 - append_predict.report - INFO - 本期盈利:15.2, 追加循环盈利:-0.8
2018-07-10 18:52:06,644 - append_predict.report - INFO - 开奖号码:691769, 本期总下注:6, 命中数:0, 下注金额:1
2018-07-10 18:52:06,644 - append_predict.report - INFO - 本期盈利:-6.0, 追加循环盈利:-6.8
2018-07-10 18:52:06,644 - append_predict.report - INFO - 开奖号码:691770, 本期总下注:7, 命中数:1, 下注金额:3.0
2018-07-10 18:52:06,644 - append_predict.report - INFO - 本期盈利:8.7, 追加循环盈利:1.9
2018-07-10 18:52:06,644 - append_predict.report - INFO - 开奖号码:691771, 本期总下注:7, 命中数:1, 下注金额:1
2018-07-10 18:52:06,645 - append_predict.report - INFO - 本期盈利:2.9, 追加循环盈利:2.9
2018-07-10 18:52:06,645 - append_predict.report - INFO - 开奖号码:691772, 本期总下注:6, 命中数:0, 下注金额:1
2018-07-10 18:52:06,645 - append_predict.report - INFO - 本期盈利:-6.0, 追加循环盈利:-6.0
2018-07-10 18:52:06,645 - append_predict.report - INFO - 开奖号码:691773, 本期总下注:7, 命中数:1, 下注金额:2.0
2018-07-10 18:52:06,645 - append_predict.report - INFO - 本期盈利:5.8, 追加循环盈利:-0.2
2018-07-10 18:52:06,645 - append_predict.report - INFO - 开奖号码:691774, 本期总下注:7, 命中数:1, 下注金额:1
2018-07-10 18:52:06,647 - append_predict.report - INFO - 本期盈利:2.9, 追加循环盈利:2.7
2018-07-10 18:52:06,647 - append_predict.report - INFO - 开奖号码:691775, 本期总下注:7, 命中数:1, 下注金额:1
2018-07-10 18:52:06,647 - append_predict.report - INFO - 本期盈利:2.9, 追加循环盈利:2.9
2018-07-10 18:52:06,647 - append_predict.report - INFO - 开奖号码:691776, 本期总下注:6, 命中数:0, 下注金额:1
2018-07-10 18:52:06,647 - append_predict.report - INFO - 本期盈利:-6.0, 追加循环盈利:-6.0
2018-07-10 18:52:06,647 - append_predict.report - INFO - 开奖号码:691777, 本期总下注:7, 命中数:1, 下注金额:2.0
2018-07-10 18:52:06,648 - append_predict.report - INFO - 本期盈利:5.8, 追加循环盈利:-0.2
2018-07-10 18:52:06,648 - append_predict.report - INFO - 开奖号码:691778, 本期总下注:7, 命中数:0, 下注金额:1
2018-07-10 18:52:06,648 - append_predict.report - INFO - 本期盈利:-7.0, 追加循环盈利:-7.2
2018-07-10 18:52:06,648 - append_predict.report - INFO - 开奖号码:691779, 本期总下注:5, 命中数:1, 下注金额:2.0
2018-07-10 18:52:06,648 - append_predict.report - INFO - 本期盈利:9.8, 追加循环盈利:2.6
2018-07-10 18:52:06,648 - append_predict.report - INFO - 开奖号码:691780, 本期总下注:7, 命中数:1, 下注金额:1
2018-07-10 18:52:06,648 - append_predict.report - INFO - 本期盈利:2.9, 追加循环盈利:2.9
2018-07-10 18:52:06,648 - append_predict.report - INFO - 开奖号码:691781, 本期总下注:8, 命中数:1, 下注金额:1
2018-07-10 18:52:06,648 - append_predict.report - INFO - 本期盈利:1.9, 追加循环盈利:1.9
2018-07-10 18:52:06,648 - append_predict.report - INFO - 开奖号码:691782, 本期总下注:6, 命中数:1, 下注金额:1
2018-07-10 18:52:06,650 - append_predict.report - INFO - 本期盈利:3.9, 追加循环盈利:3.9
2018-07-10 18:52:06,650 - append_predict.report - INFO - 开奖号码:691783, 本期总下注:6, 命中数:1, 下注金额:1
2018-07-10 18:52:06,650 - append_predict.report - INFO - 本期盈利:3.9, 追加循环盈利:3.9
2018-07-10 18:52:06,650 - append_predict.report - INFO - 开奖号码:691784, 本期总下注:6, 命中数:1, 下注金额:1
2018-07-10 18:52:06,650 - append_predict.report - INFO - 本期盈利:3.9, 追加循环盈利:3.9
2018-07-10 18:52:06,650 - append_predict.report - INFO - 开奖号码:691785, 本期总下注:7, 命中数:1, 下注金额:1
2018-07-10 18:52:06,651 - append_predict.report - INFO - 本期盈利:2.9, 追加循环盈利:2.9
2018-07-10 18:52:06,651 - append_predict.report - INFO - 开奖号码:691786, 本期总下注:8, 命中数:1, 下注金额:1
2018-07-10 18:52:06,651 - append_predict.report - INFO - 本期盈利:1.9, 追加循环盈利:1.9
2018-07-10 18:52:06,651 - append_predict.report - INFO - 开奖号码:691787, 本期总下注:6, 命中数:1, 下注金额:1
2018-07-10 18:52:06,651 - append_predict.report - INFO - 本期盈利:3.9, 追加循环盈利:3.9
2018-07-10 18:52:06,651 - append_predict.report - INFO - 开奖号码:691788, 本期总下注:6, 命中数:1, 下注金额:1
2018-07-10 18:52:06,651 - append_predict.report - INFO - 本期盈利:3.9, 追加循环盈利:3.9
2018-07-10 18:52:06,653 - append_predict.report - INFO - 开奖号码:691789, 本期总下注:7, 命中数:1, 下注金额:1
2018-07-10 18:52:06,653 - append_predict.report - INFO - 本期盈利:2.9, 追加循环盈利:2.9
2018-07-10 18:52:06,653 - append_predict.report - INFO - 开奖号码:691790, 本期总下注:8, 命中数:0, 下注金额:1
2018-07-10 18:52:06,654 - append_predict.report - INFO - 本期盈利:-8.0, 追加循环盈利:-8.0
2018-07-10 18:52:06,654 - append_predict.report - INFO - 开奖号码:691791, 本期总下注:7, 命中数:1, 下注金额:3.0
2018-07-10 18:52:06,654 - append_predict.report - INFO - 本期盈利:8.7, 追加循环盈利:0.7
2018-07-10 18:52:06,654 - append_predict.report - INFO - 开奖号码:691792, 本期总下注:7, 命中数:0, 下注金额:1
2018-07-10 18:52:06,654 - append_predict.report - INFO - 本期盈利:-7.0, 追加循环盈利:-7.0
2018-07-10 18:52:06,654 - append_predict.report - INFO - 开奖号码:691793, 本期总下注:6, 命中数:0, 下注金额:2.0
2018-07-10 18:52:06,654 - append_predict.report - INFO - 本期盈利:-12.0, 追加循环盈利:-19.0
2018-07-10 18:52:06,654 - append_predict.report - INFO - 开奖号码:691794, 本期总下注:6, 命中数:0, 下注金额:5.0
2018-07-10 18:52:06,654 - append_predict.report - INFO - 本期盈利:-30.0, 追加循环盈利:-49.0
2018-07-10 18:52:06,654 - append_predict.report - INFO - 开奖号码:691795, 本期总下注:6, 命中数:0, 下注金额:13.0
2018-07-10 18:52:06,654 - append_predict.report - INFO - 本期盈利:-78.0, 追加循环盈利:-127.0
2018-07-10 18:52:06,655 - append_predict.report - INFO - 开奖号码:691796, 本期总下注:5, 命中数:0, 下注金额:26.0
2018-07-10 18:52:06,655 - append_predict.report - INFO - 本期盈利:-130.0, 追加循环盈利:-257.0
2018-07-10 18:52:06,655 - append_predict.report - INFO - 开奖号码:691797, 本期总下注:6, 命中数:0, 下注金额:1
2018-07-10 18:52:06,655 - append_predict.report - INFO - 本期盈利:-6.0, 追加循环盈利:-263.0
2018-07-10 18:52:06,657 - append_predict.report - INFO - 开奖号码:691798, 本期总下注:8, 命中数:0, 下注金额:1
2018-07-10 18:52:06,657 - append_predict.report - INFO - 本期盈利:-8.0, 追加循环盈利:-8.0
2018-07-10 18:52:06,658 - append_predict.report - INFO - 开奖号码:691799, 本期总下注:6, 命中数:1, 下注金额:2.0
2018-07-10 18:52:06,658 - append_predict.report - INFO - 本期盈利:7.8, 追加循环盈利:-0.2
2018-07-10 18:52:06,660 - append_predict.report - INFO - 开奖号码:691800, 本期总下注:6, 命中数:0, 下注金额:1
2018-07-10 18:52:06,660 - append_predict.report - INFO - 本期盈利:-6.0, 追加循环盈利:-6.2
2018-07-10 18:52:06,660 - append_predict.report - INFO - 开奖号码:691801, 本期总下注:7, 命中数:0, 下注金额:3.0
2018-07-10 18:52:06,660 - append_predict.report - INFO - 本期盈利:-21.0, 追加循环盈利:-27.2
2018-07-10 18:52:06,661 - append_predict.report - INFO - 总盈利:-34.2
2018-07-10 18:52:12,848 - append_predict.report - INFO - ===============日期:2018-07-03
2018-07-10 18:52:12,986 - append_predict.report - INFO - 开奖号码:690733, 本期总下注:7, 命中数:1, 下注金额:1
2018-07-10 18:52:12,986 - append_predict.report - INFO - 本期盈利:2.9, 追加循环盈利:2.9
2018-07-10 18:52:12,987 - append_predict.report - INFO - 开奖号码:690734, 本期总下注:7, 命中数:1, 下注金额:1
2018-07-10 18:52:12,990 - append_predict.report - INFO - 本期盈利:2.9, 追加循环盈利:2.9
2018-07-10 18:52:12,990 - append_predict.report - INFO - 开奖号码:690735, 本期总下注:8, 命中数:1, 下注金额:1
2018-07-10 18:52:12,990 - append_predict.report - INFO - 本期盈利:1.9, 追加循环盈利:1.9
2018-07-10 18:52:12,990 - append_predict.report - INFO - 开奖号码:690736, 本期总下注:6, 命中数:0, 下注金额:1
2018-07-10 18:52:12,992 - append_predict.report - INFO - 本期盈利:-6.0, 追加循环盈利:-6.0
2018-07-10 18:52:12,992 - append_predict.report - INFO - 开奖号码:690737, 本期总下注:5, 命中数:1, 下注金额:2.0
2018-07-10 18:52:12,992 - append_predict.report - INFO - 本期盈利:9.8, 追加循环盈利:3.8
2018-07-10 18:52:12,993 - append_predict.report - INFO - 开奖号码:690738, 本期总下注:6, 命中数:1, 下注金额:1
2018-07-10 18:52:12,993 - append_predict.report - INFO - 本期盈利:3.9, 追加循环盈利:3.9
2018-07-10 18:52:12,993 - append_predict.report - INFO - 开奖号码:690739, 本期总下注:4, 命中数:0, 下注金额:1
2018-07-10 18:52:12,993 - append_predict.report - INFO - 本期盈利:-4.0, 追加循环盈利:-4.0
2018-07-10 18:52:12,994 - append_predict.report - INFO - 开奖号码:690740, 本期总下注:5, 命中数:1, 下注金额:1.0
2018-07-10 18:52:12,994 - append_predict.report - INFO - 本期盈利:4.9, 追加循环盈利:0.9
2018-07-10 18:52:12,994 - append_predict.report - INFO - 开奖号码:690741, 本期总下注:7, 命中数:1, 下注金额:1
2018-07-10 18:52:12,996 - append_predict.report - INFO - 本期盈利:2.9, 追加循环盈利:2.9
2018-07-10 18:52:12,996 - append_predict.report - INFO - 开奖号码:690742, 本期总下注:5, 命中数:1, 下注金额:1
2018-07-10 18:52:12,996 - append_predict.report - INFO - 本期盈利:4.9, 追加循环盈利:4.9
2018-07-10 18:52:12,996 - append_predict.report - INFO - 开奖号码:690743, 本期总下注:7, 命中数:0, 下注金额:1
2018-07-10 18:52:12,996 - append_predict.report - INFO - 本期盈利:-7.0, 追加循环盈利:-7.0
2018-07-10 18:52:12,997 - append_predict.report - INFO - 开奖号码:690744, 本期总下注:7, 命中数:1, 下注金额:3.0
2018-07-10 18:52:12,997 - append_predict.report - INFO - 本期盈利:8.7, 追加循环盈利:1.7
2018-07-10 18:52:12,999 - append_predict.report - INFO - 开奖号码:690745, 本期总下注:7, 命中数:1, 下注金额:1
2018-07-10 18:52:12,999 - append_predict.report - INFO - 本期盈利:2.9, 追加循环盈利:2.9
2018-07-10 18:52:12,999 - append_predict.report - INFO - 开奖号码:690746, 本期总下注:5, 命中数:0, 下注金额:1
2018-07-10 18:52:12,999 - append_predict.report - INFO - 本期盈利:-5.0, 追加循环盈利:-5.0
2018-07-10 18:52:13,000 - append_predict.report - INFO - 开奖号码:690747, 本期总下注:7, 命中数:1, 下注金额:2.0
2018-07-10 18:52:13,000 - append_predict.report - INFO - 本期盈利:5.8, 追加循环盈利:0.8
2018-07-10 18:52:13,000 - append_predict.report - INFO - 开奖号码:690748, 本期总下注:9, 命中数:1, 下注金额:1
2018-07-10 18:52:13,000 - append_predict.report - INFO - 本期盈利:0.9, 追加循环盈利:0.9
2018-07-10 18:52:13,000 - append_predict.report - INFO - 开奖号码:690749, 本期总下注:6, 命中数:0, 下注金额:1
2018-07-10 18:52:13,002 - append_predict.report - INFO - 本期盈利:-6.0, 追加循环盈利:-6.0
2018-07-10 18:52:13,002 - append_predict.report - INFO - 开奖号码:690750, 本期总下注:4, 命中数:1, 下注金额:1.0
2018-07-10 18:52:13,002 - append_predict.report - INFO - 本期盈利:5.9, 追加循环盈利:-0.1
2018-07-10 18:52:13,002 - append_predict.report - INFO - 开奖号码:690751, 本期总下注:5, 命中数:0, 下注金额:1
2018-07-10 18:52:13,003 - append_predict.report - INFO - 本期盈利:-5.0, 追加循环盈利:-5.1
2018-07-10 18:52:13,013 - append_predict.report - INFO - 开奖号码:690752, 本期总下注:6, 命中数:0, 下注金额:2.0
2018-07-10 18:52:13,013 - append_predict.report - INFO - 本期盈利:-12.0, 追加循环盈利:-17.1
2018-07-10 18:52:13,015 - append_predict.report - INFO - 开奖号码:690753, 本期总下注:4, 命中数:0, 下注金额:3.0
2018-07-10 18:52:13,015 - append_predict.report - INFO - 本期盈利:-12.0, 追加循环盈利:-29.1
2018-07-10 18:52:13,015 - append_predict.report - INFO - 开奖号码:690754, 本期总下注:6, 命中数:1, 下注金额:8.0
2018-07-10 18:52:13,015 - append_predict.report - INFO - 本期盈利:31.2, 追加循环盈利:2.1
2018-07-10 18:52:13,016 - append_predict.report - INFO - 开奖号码:690755, 本期总下注:4, 命中数:0, 下注金额:1
2018-07-10 18:52:13,016 - append_predict.report - INFO - 本期盈利:-4.0, 追加循环盈利:-4.0
2018-07-10 18:52:13,016 - append_predict.report - INFO - 开奖号码:690756, 本期总下注:6, 命中数:1, 下注金额:1.0
2018-07-10 18:52:13,016 - append_predict.report - INFO - 本期盈利:3.9, 追加循环盈利:-0.1
2018-07-10 18:52:13,016 - append_predict.report - INFO - 开奖号码:690757, 本期总下注:5, 命中数:1, 下注金额:1
2018-07-10 18:52:13,016 - append_predict.report - INFO - 本期盈利:4.9, 追加循环盈利:4.8
2018-07-10 18:52:13,016 - append_predict.report - INFO - 开奖号码:690758, 本期总下注:5, 命中数:0, 下注金额:1
2018-07-10 18:52:13,016 - append_predict.report - INFO - 本期盈利:-5.0, 追加循环盈利:-5.0
2018-07-10 18:52:13,016 - append_predict.report - INFO - 开奖号码:690759, 本期总下注:6, 命中数:1, 下注金额:2.0
2018-07-10 18:52:13,016 - append_predict.report - INFO - 本期盈利:7.8, 追加循环盈利:2.8
2018-07-10 18:52:13,016 - append_predict.report - INFO - 开奖号码:690760, 本期总下注:6, 命中数:0, 下注金额:1
2018-07-10 18:52:13,017 - append_predict.report - INFO - 本期盈利:-6.0, 追加循环盈利:-6.0
2018-07-10 18:52:13,017 - append_predict.report - INFO - 开奖号码:690761, 本期总下注:7, 命中数:0, 下注金额:2.0
2018-07-10 18:52:13,017 - append_predict.report - INFO - 本期盈利:-14.0, 追加循环盈利:-20.0
2018-07-10 18:52:13,017 - append_predict.report - INFO - 开奖号码:690762, 本期总下注:6, 命中数:0, 下注金额:5.0
2018-07-10 18:52:13,019 - append_predict.report - INFO - 本期盈利:-30.0, 追加循环盈利:-50.0
2018-07-10 18:52:13,019 - append_predict.report - INFO - 开奖号码:690763, 本期总下注:6, 命中数:0, 下注金额:13.0
2018-07-10 18:52:13,019 - append_predict.report - INFO - 本期盈利:-78.0, 追加循环盈利:-128.0
2018-07-10 18:52:13,019 - append_predict.report - INFO - 开奖号码:690764, 本期总下注:8, 命中数:0, 下注金额:64.0
2018-07-10 18:52:13,019 - append_predict.report - INFO - 本期盈利:-512.0, 追加循环盈利:-640.0
2018-07-10 18:52:13,020 - append_predict.report - INFO - 开奖号码:690765, 本期总下注:7, 命中数:1, 下注金额:1
2018-07-10 18:52:13,020 - append_predict.report - INFO - 本期盈利:2.9, 追加循环盈利:2.9
2018-07-10 18:52:13,020 - append_predict.report - INFO - 开奖号码:690766, 本期总下注:7, 命中数:1, 下注金额:1
2018-07-10 18:52:13,020 - append_predict.report - INFO - 本期盈利:2.9, 追加循环盈利:2.9
2018-07-10 18:52:13,020 - append_predict.report - INFO - 开奖号码:690767, 本期总下注:6, 命中数:0, 下注金额:1
2018-07-10 18:52:13,022 - append_predict.report - INFO - 本期盈利:-6.0, 追加循环盈利:-6.0
2018-07-10 18:52:13,022 - append_predict.report - INFO - 开奖号码:690768, 本期总下注:7, 命中数:1, 下注金额:2.0
2018-07-10 18:52:13,022 - append_predict.report - INFO - 本期盈利:5.8, 追加循环盈利:-0.2
2018-07-10 18:52:13,022 - append_predict.report - INFO - 开奖号码:690769, 本期总下注:6, 命中数:1, 下注金额:1
2018-07-10 18:52:13,022 - append_predict.report - INFO - 本期盈利:3.9, 追加循环盈利:3.7
2018-07-10 18:52:13,023 - append_predict.report - INFO - 开奖号码:690770, 本期总下注:5, 命中数:0, 下注金额:1
2018-07-10 18:52:13,023 - append_predict.report - INFO - 本期盈利:-5.0, 追加循环盈利:-5.0
2018-07-10 18:52:13,023 - append_predict.report - INFO - 开奖号码:690771, 本期总下注:6, 命中数:0, 下注金额:2.0
2018-07-10 18:52:13,023 - append_predict.report - INFO - 本期盈利:-12.0, 追加循环盈利:-17.0
2018-07-10 18:52:13,023 - append_predict.report - INFO - 开奖号码:690772, 本期总下注:6, 命中数:1, 下注金额:5.0
2018-07-10 18:52:13,023 - append_predict.report - INFO - 本期盈利:19.5, 追加循环盈利:2.5
2018-07-10 18:52:13,023 - append_predict.report - INFO - 开奖号码:690773, 本期总下注:6, 命中数:1, 下注金额:1
2018-07-10 18:52:13,023 - append_predict.report - INFO - 本期盈利:3.9, 追加循环盈利:3.9
2018-07-10 18:52:13,023 - append_predict.report - INFO - 开奖号码:690774, 本期总下注:5, 命中数:0, 下注金额:1
2018-07-10 18:52:13,023 - append_predict.report - INFO - 本期盈利:-5.0, 追加循环盈利:-5.0
2018-07-10 18:52:13,025 - append_predict.report - INFO - 开奖号码:690775, 本期总下注:7, 命中数:1, 下注金额:2.0
2018-07-10 18:52:13,025 - append_predict.report - INFO - 本期盈利:5.8, 追加循环盈利:0.8
2018-07-10 18:52:13,025 - append_predict.report - INFO - 开奖号码:690776, 本期总下注:6, 命中数:1, 下注金额:1
2018-07-10 18:52:13,025 - append_predict.report - INFO - 本期盈利:3.9, 追加循环盈利:3.9
2018-07-10 18:52:13,026 - append_predict.report - INFO - 开奖号码:690777, 本期总下注:6, 命中数:0, 下注金额:1
2018-07-10 18:52:13,026 - append_predict.report - INFO - 本期盈利:-6.0, 追加循环盈利:-6.0
2018-07-10 18:52:13,026 - append_predict.report - INFO - 开奖号码:690778, 本期总下注:8, 命中数:1, 下注金额:3.0
2018-07-10 18:52:13,026 - append_predict.report - INFO - 本期盈利:5.7, 追加循环盈利:-0.3
2018-07-10 18:52:13,026 - append_predict.report - INFO - 开奖号码:690779, 本期总下注:6, 命中数:1, 下注金额:1
2018-07-10 18:52:13,026 - append_predict.report - INFO - 本期盈利:3.9, 追加循环盈利:3.6
2018-07-10 18:52:13,026 - append_predict.report - INFO - 开奖号码:690780, 本期总下注:7, 命中数:1, 下注金额:1
2018-07-10 18:52:13,026 - append_predict.report - INFO - 本期盈利:2.9, 追加循环盈利:2.9
2018-07-10 18:52:13,026 - append_predict.report - INFO - 开奖号码:690781, 本期总下注:6, 命中数:1, 下注金额:1
2018-07-10 18:52:13,026 - append_predict.report - INFO - 本期盈利:3.9, 追加循环盈利:3.9
2018-07-10 18:52:13,028 - append_predict.report - INFO - 开奖号码:690782, 本期总下注:8, 命中数:1, 下注金额:1
2018-07-10 18:52:13,029 - append_predict.report - INFO - 本期盈利:1.9, 追加循环盈利:1.9
2018-07-10 18:52:13,029 - append_predict.report - INFO - 开奖号码:690783, 本期总下注:6, 命中数:0, 下注金额:1
2018-07-10 18:52:13,029 - append_predict.report - INFO - 本期盈利:-6.0, 追加循环盈利:-6.0
2018-07-10 18:52:13,029 - append_predict.report - INFO - 开奖号码:690784, 本期总下注:6, 命中数:1, 下注金额:2.0
2018-07-10 18:52:13,029 - append_predict.report - INFO - 本期盈利:7.8, 追加循环盈利:1.8
2018-07-10 18:52:13,030 - append_predict.report - INFO - 开奖号码:690785, 本期总下注:5, 命中数:1, 下注金额:1
2018-07-10 18:52:13,030 - append_predict.report - INFO - 本期盈利:4.9, 追加循环盈利:4.9
2018-07-10 18:52:13,030 - append_predict.report - INFO - 开奖号码:690786, 本期总下注:7, 命中数:1, 下注金额:1
2018-07-10 18:52:13,030 - append_predict.report - INFO - 本期盈利:2.9, 追加循环盈利:2.9
2018-07-10 18:52:13,030 - append_predict.report - INFO - 开奖号码:690787, 本期总下注:6, 命中数:1, 下注金额:1
2018-07-10 18:52:13,032 - append_predict.report - INFO - 本期盈利:3.9, 追加循环盈利:3.9
2018-07-10 18:52:13,032 - append_predict.report - INFO - 开奖号码:690788, 本期总下注:5, 命中数:1, 下注金额:1
2018-07-10 18:52:13,032 - append_predict.report - INFO - 本期盈利:4.9, 追加循环盈利:4.9
2018-07-10 18:52:13,032 - append_predict.report - INFO - 开奖号码:690789, 本期总下注:7, 命中数:0, 下注金额:1
2018-07-10 18:52:13,032 - append_predict.report - INFO - 本期盈利:-7.0, 追加循环盈利:-7.0
2018-07-10 18:52:13,032 - append_predict.report - INFO - 开奖号码:690790, 本期总下注:6, 命中数:0, 下注金额:2.0
2018-07-10 18:52:13,032 - append_predict.report - INFO - 本期盈利:-12.0, 追加循环盈利:-19.0
2018-07-10 18:52:13,032 - append_predict.report - INFO - 开奖号码:690791, 本期总下注:7, 命中数:1, 下注金额:7.0
2018-07-10 18:52:13,032 - append_predict.report - INFO - 本期盈利:20.3, 追加循环盈利:1.3
2018-07-10 18:52:13,032 - append_predict.report - INFO - 开奖号码:690792, 本期总下注:6, 命中数:1, 下注金额:1
2018-07-10 18:52:13,032 - append_predict.report - INFO - 本期盈利:3.9, 追加循环盈利:3.9
2018-07-10 18:52:13,033 - append_predict.report - INFO - 开奖号码:690793, 本期总下注:6, 命中数:1, 下注金额:1
2018-07-10 18:52:13,033 - append_predict.report - INFO - 本期盈利:3.9, 追加循环盈利:3.9
2018-07-10 18:52:13,033 - append_predict.report - INFO - 开奖号码:690794, 本期总下注:5, 命中数:1, 下注金额:1
2018-07-10 18:52:13,033 - append_predict.report - INFO - 本期盈利:4.9, 追加循环盈利:4.9
2018-07-10 18:52:13,035 - append_predict.report - INFO - 开奖号码:690795, 本期总下注:4, 命中数:0, 下注金额:1
2018-07-10 18:52:13,035 - append_predict.report - INFO - 本期盈利:-4.0, 追加循环盈利:-4.0
2018-07-10 18:52:13,035 - append_predict.report - INFO - 开奖号码:690796, 本期总下注:5, 命中数:0, 下注金额:1.0
2018-07-10 18:52:13,035 - append_predict.report - INFO - 本期盈利:-5.0, 追加循环盈利:-9.0
2018-07-10 18:52:13,035 - append_predict.report - INFO - 开奖号码:690797, 本期总下注:6, 命中数:1, 下注金额:3.0
2018-07-10 18:52:13,036 - append_predict.report - INFO - 本期盈利:11.7, 追加循环盈利:2.7
2018-07-10 18:52:13,036 - append_predict.report - INFO - 开奖号码:690798, 本期总下注:6, 命中数:1, 下注金额:1
2018-07-10 18:52:13,036 - append_predict.report - INFO - 本期盈利:3.9, 追加循环盈利:3.9
2018-07-10 18:52:13,036 - append_predict.report - INFO - 开奖号码:690799, 本期总下注:6, 命中数:0, 下注金额:1
2018-07-10 18:52:13,036 - append_predict.report - INFO - 本期盈利:-6.0, 追加循环盈利:-6.0
2018-07-10 18:52:13,036 - append_predict.report - INFO - 开奖号码:690800, 本期总下注:6, 命中数:1, 下注金额:2.0
2018-07-10 18:52:13,036 - append_predict.report - INFO - 本期盈利:7.8, 追加循环盈利:1.8
2018-07-10 18:52:13,036 - append_predict.report - INFO - 开奖号码:690801, 本期总下注:6, 命中数:0, 下注金额:1
2018-07-10 18:52:13,038 - append_predict.report - INFO - 本期盈利:-6.0, 追加循环盈利:-6.0
2018-07-10 18:52:13,038 - append_predict.report - INFO - 开奖号码:690802, 本期总下注:7, 命中数:1, 下注金额:2.0
2018-07-10 18:52:13,038 - append_predict.report - INFO - 本期盈利:5.8, 追加循环盈利:-0.2
2018-07-10 18:52:13,038 - append_predict.report - INFO - 开奖号码:690803, 本期总下注:6, 命中数:0, 下注金额:1
2018-07-10 18:52:13,039 - append_predict.report - INFO - 本期盈利:-6.0, 追加循环盈利:-6.2
2018-07-10 18:52:13,039 - append_predict.report - INFO - 开奖号码:690804, 本期总下注:7, 命中数:1, 下注金额:3.0
2018-07-10 18:52:13,039 - append_predict.report - INFO - 本期盈利:8.7, 追加循环盈利:2.5
2018-07-10 18:52:13,039 - append_predict.report - INFO - 开奖号码:690805, 本期总下注:6, 命中数:1, 下注金额:1
2018-07-10 18:52:13,039 - append_predict.report - INFO - 本期盈利:3.9, 追加循环盈利:3.9
2018-07-10 18:52:13,039 - append_predict.report - INFO - 开奖号码:690806, 本期总下注:6, 命中数:1, 下注金额:1
2018-07-10 18:52:13,039 - append_predict.report - INFO - 本期盈利:3.9, 追加循环盈利:3.9
2018-07-10 18:52:13,039 - append_predict.report - INFO - 开奖号码:690807, 本期总下注:8, 命中数:1, 下注金额:1
2018-07-10 18:52:13,039 - append_predict.report - INFO - 本期盈利:1.9, 追加循环盈利:1.9
2018-07-10 18:52:13,039 - append_predict.report - INFO - 开奖号码:690808, 本期总下注:5, 命中数:0, 下注金额:1
2018-07-10 18:52:13,039 - append_predict.report - INFO - 本期盈利:-5.0, 追加循环盈利:-5.0
2018-07-10 18:52:13,040 - append_predict.report - INFO - 开奖号码:690809, 本期总下注:7, 命中数:1, 下注金额:2.0
2018-07-10 18:52:13,040 - append_predict.report - INFO - 本期盈利:5.8, 追加循环盈利:0.8
2018-07-10 18:52:13,040 - append_predict.report - INFO - 开奖号码:690810, 本期总下注:7, 命中数:1, 下注金额:1
2018-07-10 18:52:13,040 - append_predict.report - INFO - 本期盈利:2.9, 追加循环盈利:2.9
2018-07-10 18:52:13,040 - append_predict.report - INFO - 开奖号码:690811, 本期总下注:7, 命中数:1, 下注金额:1
2018-07-10 18:52:13,040 - append_predict.report - INFO - 本期盈利:2.9, 追加循环盈利:2.9
2018-07-10 18:52:13,042 - append_predict.report - INFO - 开奖号码:690812, 本期总下注:5, 命中数:1, 下注金额:1
2018-07-10 18:52:13,042 - append_predict.report - INFO - 本期盈利:4.9, 追加循环盈利:4.9
2018-07-10 18:52:13,042 - append_predict.report - INFO - 开奖号码:690813, 本期总下注:5, 命中数:1, 下注金额:1
2018-07-10 18:52:13,042 - append_predict.report - INFO - 本期盈利:4.9, 追加循环盈利:4.9
2018-07-10 18:52:13,042 - append_predict.report - INFO - 开奖号码:690814, 本期总下注:6, 命中数:1, 下注金额:1
2018-07-10 18:52:13,042 - append_predict.report - INFO - 本期盈利:3.9, 追加循环盈利:3.9
2018-07-10 18:52:13,042 - append_predict.report - INFO - 开奖号码:690815, 本期总下注:8, 命中数:1, 下注金额:1
2018-07-10 18:52:13,042 - append_predict.report - INFO - 本期盈利:1.9, 追加循环盈利:1.9
2018-07-10 18:52:13,042 - append_predict.report - INFO - 开奖号码:690816, 本期总下注:6, 命中数:0, 下注金额:1
2018-07-10 18:52:13,042 - append_predict.report - INFO - 本期盈利:-6.0, 追加循环盈利:-6.0
2018-07-10 18:52:13,043 - append_predict.report - INFO - 开奖号码:690817, 本期总下注:8, 命中数:1, 下注金额:3.0
2018-07-10 18:52:13,043 - append_predict.report - INFO - 本期盈利:5.7, 追加循环盈利:-0.3
2018-07-10 18:52:13,043 - append_predict.report - INFO - 开奖号码:690818, 本期总下注:7, 命中数:1, 下注金额:1
2018-07-10 18:52:13,043 - append_predict.report - INFO - 本期盈利:2.9, 追加循环盈利:2.6
2018-07-10 18:52:13,043 - append_predict.report - INFO - 开奖号码:690819, 本期总下注:6, 命中数:0, 下注金额:1
2018-07-10 18:52:13,043 - append_predict.report - INFO - 本期盈利:-6.0, 追加循环盈利:-6.0
2018-07-10 18:52:13,045 - append_predict.report - INFO - 开奖号码:690820, 本期总下注:6, 命中数:0, 下注金额:2.0
2018-07-10 18:52:13,045 - append_predict.report - INFO - 本期盈利:-12.0, 追加循环盈利:-18.0
2018-07-10 18:52:13,045 - append_predict.report - INFO - 开奖号码:690821, 本期总下注:7, 命中数:1, 下注金额:6.0
2018-07-10 18:52:13,045 - append_predict.report - INFO - 本期盈利:17.4, 追加循环盈利:-0.6
2018-07-10 18:52:13,045 - append_predict.report - INFO - 开奖号码:690822, 本期总下注:6, 命中数:1, 下注金额:1
2018-07-10 18:52:13,046 - append_predict.report - INFO - 本期盈利:3.9, 追加循环盈利:3.3
2018-07-10 18:52:13,048 - append_predict.report - INFO - 开奖号码:690823, 本期总下注:7, 命中数:0, 下注金额:1
2018-07-10 18:52:13,069 - append_predict.report - INFO - 本期盈利:-7.0, 追加循环盈利:-7.0
2018-07-10 18:52:13,069 - append_predict.report - INFO - 开奖号码:690824, 本期总下注:7, 命中数:1, 下注金额:3.0
2018-07-10 18:52:13,069 - append_predict.report - INFO - 本期盈利:8.7, 追加循环盈利:1.7
2018-07-10 18:52:13,069 - append_predict.report - INFO - 开奖号码:690825, 本期总下注:6, 命中数:1, 下注金额:1
2018-07-10 18:52:13,069 - append_predict.report - INFO - 本期盈利:3.9, 追加循环盈利:3.9
2018-07-10 18:52:13,069 - append_predict.report - INFO - 开奖号码:690826, 本期总下注:7, 命中数:1, 下注金额:1
2018-07-10 18:52:13,071 - append_predict.report - INFO - 本期盈利:2.9, 追加循环盈利:2.9
2018-07-10 18:52:13,071 - append_predict.report - INFO - 开奖号码:690827, 本期总下注:8, 命中数:1, 下注金额:1
2018-07-10 18:52:13,072 - append_predict.report - INFO - 本期盈利:1.9, 追加循环盈利:1.9
2018-07-10 18:52:13,072 - append_predict.report - INFO - 开奖号码:690828, 本期总下注:7, 命中数:0, 下注金额:1
2018-07-10 18:52:13,072 - append_predict.report - INFO - 本期盈利:-7.0, 追加循环盈利:-7.0
2018-07-10 18:52:13,072 - append_predict.report - INFO - 开奖号码:690829, 本期总下注:8, 命中数:1, 下注金额:4.0
2018-07-10 18:52:13,072 - append_predict.report - INFO - 本期盈利:7.6, 追加循环盈利:0.6
2018-07-10 18:52:13,072 - append_predict.report - INFO - 开奖号码:690830, 本期总下注:5, 命中数:1, 下注金额:1
2018-07-10 18:52:13,072 - append_predict.report - INFO - 本期盈利:4.9, 追加循环盈利:4.9
2018-07-10 18:52:13,072 - append_predict.report - INFO - 开奖号码:690831, 本期总下注:7, 命中数:1, 下注金额:1
2018-07-10 18:52:13,073 - append_predict.report - INFO - 本期盈利:2.9, 追加循环盈利:2.9
2018-07-10 18:52:13,073 - append_predict.report - INFO - 开奖号码:690832, 本期总下注:6, 命中数:1, 下注金额:1
2018-07-10 18:52:13,073 - append_predict.report - INFO - 本期盈利:3.9, 追加循环盈利:3.9
2018-07-10 18:52:13,075 - append_predict.report - INFO - 开奖号码:690833, 本期总下注:8, 命中数:1, 下注金额:1
2018-07-10 18:52:13,075 - append_predict.report - INFO - 本期盈利:1.9, 追加循环盈利:1.9
2018-07-10 18:52:13,075 - append_predict.report - INFO - 开奖号码:690834, 本期总下注:8, 命中数:0, 下注金额:1
2018-07-10 18:52:13,075 - append_predict.report - INFO - 本期盈利:-8.0, 追加循环盈利:-8.0
2018-07-10 18:52:13,075 - append_predict.report - INFO - 开奖号码:690835, 本期总下注:7, 命中数:1, 下注金额:3.0
2018-07-10 18:52:13,075 - append_predict.report - INFO - 本期盈利:8.7, 追加循环盈利:0.7
2018-07-10 18:52:13,076 - append_predict.report - INFO - 开奖号码:690836, 本期总下注:7, 命中数:0, 下注金额:1
2018-07-10 18:52:13,076 - append_predict.report - INFO - 本期盈利:-7.0, 追加循环盈利:-7.0
2018-07-10 18:52:13,076 - append_predict.report - INFO - 开奖号码:690837, 本期总下注:8, 命中数:0, 下注金额:4.0
2018-07-10 18:52:13,076 - append_predict.report - INFO - 本期盈利:-32.0, 追加循环盈利:-39.0
2018-07-10 18:52:13,076 - append_predict.report - INFO - 开奖号码:690838, 本期总下注:6, 命中数:1, 下注金额:10.0
2018-07-10 18:52:13,078 - append_predict.report - INFO - 本期盈利:39.0, 追加循环盈利:0.0
2018-07-10 18:52:13,078 - append_predict.report - INFO - 开奖号码:690839, 本期总下注:6, 命中数:0, 下注金额:1
2018-07-10 18:52:13,078 - append_predict.report - INFO - 本期盈利:-6.0, 追加循环盈利:-6.0
2018-07-10 18:52:13,078 - append_predict.report - INFO - 开奖号码:690840, 本期总下注:7, 命中数:1, 下注金额:2.0
2018-07-10 18:52:13,078 - append_predict.report - INFO - 本期盈利:5.8, 追加循环盈利:-0.2
2018-07-10 18:52:13,078 - append_predict.report - INFO - 开奖号码:690841, 本期总下注:9, 命中数:1, 下注金额:1
2018-07-10 18:52:13,078 - append_predict.report - INFO - 本期盈利:0.9, 追加循环盈利:0.7
2018-07-10 18:52:13,078 - append_predict.report - INFO - 开奖号码:690842, 本期总下注:8, 命中数:1, 下注金额:1
2018-07-10 18:52:13,078 - append_predict.report - INFO - 本期盈利:1.9, 追加循环盈利:1.9
2018-07-10 18:52:13,079 - append_predict.report - INFO - 开奖号码:690843, 本期总下注:7, 命中数:1, 下注金额:1
2018-07-10 18:52:13,079 - append_predict.report - INFO - 本期盈利:2.9, 追加循环盈利:2.9
2018-07-10 18:52:13,079 - append_predict.report - INFO - 开奖号码:690844, 本期总下注:5, 命中数:0, 下注金额:1
2018-07-10 18:52:13,081 - append_predict.report - INFO - 本期盈利:-5.0, 追加循环盈利:-5.0
2018-07-10 18:52:13,081 - append_predict.report - INFO - 开奖号码:690845, 本期总下注:9, 命中数:1, 下注金额:5.0
2018-07-10 18:52:13,081 - append_predict.report - INFO - 本期盈利:4.5, 追加循环盈利:-0.5
2018-07-10 18:52:13,081 - append_predict.report - INFO - 开奖号码:690846, 本期总下注:8, 命中数:0, 下注金额:1
2018-07-10 18:52:13,081 - append_predict.report - INFO - 本期盈利:-8.0, 追加循环盈利:-8.5
2018-07-10 18:52:13,082 - append_predict.report - INFO - 开奖号码:690847, 本期总下注:7, 命中数:1, 下注金额:3.0
2018-07-10 18:52:13,082 - append_predict.report - INFO - 本期盈利:8.7, 追加循环盈利:0.2
2018-07-10 18:52:13,082 - append_predict.report - INFO - 开奖号码:690848, 本期总下注:6, 命中数:0, 下注金额:1
2018-07-10 18:52:13,082 - append_predict.report - INFO - 本期盈利:-6.0, 追加循环盈利:-6.0
2018-07-10 18:52:13,082 - append_predict.report - INFO - 开奖号码:690849, 本期总下注:8, 命中数:1, 下注金额:3.0
2018-07-10 18:52:13,082 - append_predict.report - INFO - 本期盈利:5.7, 追加循环盈利:-0.3
2018-07-10 18:52:13,082 - append_predict.report - INFO - 开奖号码:690850, 本期总下注:7, 命中数:1, 下注金额:1
2018-07-10 18:52:13,082 - append_predict.report - INFO - 本期盈利:2.9, 追加循环盈利:2.6
2018-07-10 18:52:13,082 - append_predict.report - INFO - 开奖号码:690851, 本期总下注:9, 命中数:1, 下注金额:1
2018-07-10 18:52:13,082 - append_predict.report - INFO - 本期盈利:0.9, 追加循环盈利:0.9
2018-07-10 18:52:13,082 - append_predict.report - INFO - 开奖号码:690852, 本期总下注:5, 命中数:0, 下注金额:1
2018-07-10 18:52:13,082 - append_predict.report - INFO - 本期盈利:-5.0, 追加循环盈利:-5.0
2018-07-10 18:52:13,084 - append_predict.report - INFO - 开奖号码:690853, 本期总下注:7, 命中数:1, 下注金额:2.0
2018-07-10 18:52:13,084 - append_predict.report - INFO - 本期盈利:5.8, 追加循环盈利:0.8
2018-07-10 18:52:13,084 - append_predict.report - INFO - 开奖号码:690854, 本期总下注:6, 命中数:1, 下注金额:1
2018-07-10 18:52:13,084 - append_predict.report - INFO - 本期盈利:3.9, 追加循环盈利:3.9
2018-07-10 18:52:13,084 - append_predict.report - INFO - 开奖号码:690855, 本期总下注:7, 命中数:1, 下注金额:1
2018-07-10 18:52:13,084 - append_predict.report - INFO - 本期盈利:2.9, 追加循环盈利:2.9
2018-07-10 18:52:13,085 - append_predict.report - INFO - 开奖号码:690856, 本期总下注:5, 命中数:1, 下注金额:1
2018-07-10 18:52:13,085 - append_predict.report - INFO - 本期盈利:4.9, 追加循环盈利:4.9
2018-07-10 18:52:13,085 - append_predict.report - INFO - 开奖号码:690857, 本期总下注:6, 命中数:1, 下注金额:1
2018-07-10 18:52:13,085 - append_predict.report - INFO - 本期盈利:3.9, 追加循环盈利:3.9
2018-07-10 18:52:13,085 - append_predict.report - INFO - 开奖号码:690858, 本期总下注:8, 命中数:1, 下注金额:1
2018-07-10 18:52:13,085 - append_predict.report - INFO - 本期盈利:1.9, 追加循环盈利:1.9
2018-07-10 18:52:13,085 - append_predict.report - INFO - 开奖号码:690859, 本期总下注:8, 命中数:1, 下注金额:1
2018-07-10 18:52:13,085 - append_predict.report - INFO - 本期盈利:1.9, 追加循环盈利:1.9
2018-07-10 18:52:13,085 - append_predict.report - INFO - 开奖号码:690860, 本期总下注:7, 命中数:1, 下注金额:1
2018-07-10 18:52:13,086 - append_predict.report - INFO - 本期盈利:2.9, 追加循环盈利:2.9
2018-07-10 18:52:13,086 - append_predict.report - INFO - 开奖号码:690861, 本期总下注:5, 命中数:0, 下注金额:1
2018-07-10 18:52:13,086 - append_predict.report - INFO - 本期盈利:-5.0, 追加循环盈利:-5.0
2018-07-10 18:52:13,086 - append_predict.report - INFO - 开奖号码:690862, 本期总下注:8, 命中数:1, 下注金额:3.0
2018-07-10 18:52:13,086 - append_predict.report - INFO - 本期盈利:5.7, 追加循环盈利:0.7
2018-07-10 18:52:13,086 - append_predict.report - INFO - 开奖号码:690863, 本期总下注:7, 命中数:0, 下注金额:1
2018-07-10 18:52:13,088 - append_predict.report - INFO - 本期盈利:-7.0, 追加循环盈利:-7.0
2018-07-10 18:52:13,088 - append_predict.report - INFO - 开奖号码:690864, 本期总下注:6, 命中数:1, 下注金额:2.0
2018-07-10 18:52:13,088 - append_predict.report - INFO - 本期盈利:7.8, 追加循环盈利:0.8
2018-07-10 18:52:13,088 - append_predict.report - INFO - 开奖号码:690865, 本期总下注:8, 命中数:1, 下注金额:1
2018-07-10 18:52:13,088 - append_predict.report - INFO - 本期盈利:1.9, 追加循环盈利:1.9
2018-07-10 18:52:13,089 - append_predict.report - INFO - 开奖号码:690866, 本期总下注:7, 命中数:0, 下注金额:1
2018-07-10 18:52:13,089 - append_predict.report - INFO - 本期盈利:-7.0, 追加循环盈利:-7.0
2018-07-10 18:52:13,089 - append_predict.report - INFO - 开奖号码:690867, 本期总下注:7, 命中数:0, 下注金额:3.0
2018-07-10 18:52:13,089 - append_predict.report - INFO - 本期盈利:-21.0, 追加循环盈利:-28.0
2018-07-10 18:52:13,089 - append_predict.report - INFO - 开奖号码:690868, 本期总下注:7, 命中数:1, 下注金额:10.0
2018-07-10 18:52:13,091 - append_predict.report - INFO - 本期盈利:29.0, 追加循环盈利:1.0
2018-07-10 18:52:13,091 - append_predict.report - INFO - 开奖号码:690869, 本期总下注:7, 命中数:1, 下注金额:1
2018-07-10 18:52:13,092 - append_predict.report - INFO - 本期盈利:2.9, 追加循环盈利:2.9
2018-07-10 18:52:13,092 - append_predict.report - INFO - 开奖号码:690870, 本期总下注:7, 命中数:0, 下注金额:1
2018-07-10 18:52:13,092 - append_predict.report - INFO - 本期盈利:-7.0, 追加循环盈利:-7.0
2018-07-10 18:52:13,092 - append_predict.report - INFO - 开奖号码:690871, 本期总下注:8, 命中数:1, 下注金额:4.0
2018-07-10 18:52:13,092 - append_predict.report - INFO - 本期盈利:7.6, 追加循环盈利:0.6
2018-07-10 18:52:13,092 - append_predict.report - INFO - 开奖号码:690872, 本期总下注:7, 命中数:0, 下注金额:1
2018-07-10 18:52:13,092 - append_predict.report - INFO - 本期盈利:-7.0, 追加循环盈利:-7.0
2018-07-10 18:52:13,092 - append_predict.report - INFO - 开奖号码:690873, 本期总下注:7, 命中数:1, 下注金额:3.0
2018-07-10 18:52:13,092 - append_predict.report - INFO - 本期盈利:8.7, 追加循环盈利:1.7
2018-07-10 18:52:13,092 - append_predict.report - INFO - 开奖号码:690874, 本期总下注:5, 命中数:1, 下注金额:1
2018-07-10 18:52:13,094 - append_predict.report - INFO - 本期盈利:4.9, 追加循环盈利:4.9
2018-07-10 18:52:13,107 - append_predict.report - INFO - 开奖号码:690875, 本期总下注:6, 命中数:0, 下注金额:1
2018-07-10 18:52:13,108 - append_predict.report - INFO - 本期盈利:-6.0, 追加循环盈利:-6.0
2018-07-10 18:52:13,108 - append_predict.report - INFO - 开奖号码:690876, 本期总下注:6, 命中数:1, 下注金额:2.0
2018-07-10 18:52:13,108 - append_predict.report - INFO - 本期盈利:7.8, 追加循环盈利:1.8
2018-07-10 18:52:13,108 - append_predict.report - INFO - 开奖号码:690877, 本期总下注:7, 命中数:1, 下注金额:1
2018-07-10 18:52:13,109 - append_predict.report - INFO - 本期盈利:2.9, 追加循环盈利:2.9
2018-07-10 18:52:13,109 - append_predict.report - INFO - 开奖号码:690878, 本期总下注:7, 命中数:1, 下注金额:1
2018-07-10 18:52:13,109 - append_predict.report - INFO - 本期盈利:2.9, 追加循环盈利:2.9
2018-07-10 18:52:13,111 - append_predict.report - INFO - 开奖号码:690879, 本期总下注:7, 命中数:1, 下注金额:1
2018-07-10 18:52:13,111 - append_predict.report - INFO - 本期盈利:2.9, 追加循环盈利:2.9
2018-07-10 18:52:13,111 - append_predict.report - INFO - 开奖号码:690880, 本期总下注:6, 命中数:0, 下注金额:1
2018-07-10 18:52:13,111 - append_predict.report - INFO - 本期盈利:-6.0, 追加循环盈利:-6.0
2018-07-10 18:52:13,111 - append_predict.report - INFO - 开奖号码:690881, 本期总下注:7, 命中数:0, 下注金额:2.0
2018-07-10 18:52:13,111 - append_predict.report - INFO - 本期盈利:-14.0, 追加循环盈利:-20.0
2018-07-10 18:52:13,111 - append_predict.report - INFO - 开奖号码:690882, 本期总下注:5, 命中数:1, 下注金额:4.0
2018-07-10 18:52:13,111 - append_predict.report - INFO - 本期盈利:19.6, 追加循环盈利:-0.4
2018-07-10 18:52:13,112 - append_predict.report - INFO - 开奖号码:690883, 本期总下注:8, 命中数:0, 下注金额:1
2018-07-10 18:52:13,112 - append_predict.report - INFO - 本期盈利:-8.0, 追加循环盈利:-8.4
2018-07-10 18:52:13,112 - append_predict.report - INFO - 开奖号码:690884, 本期总下注:5, 命中数:0, 下注金额:2.0
2018-07-10 18:52:13,112 - append_predict.report - INFO - 本期盈利:-10.0, 追加循环盈利:-18.4
2018-07-10 18:52:13,112 - append_predict.report - INFO - 开奖号码:690885, 本期总下注:7, 命中数:1, 下注金额:7.0
2018-07-10 18:52:13,112 - append_predict.report - INFO - 本期盈利:20.3, 追加循环盈利:1.9
2018-07-10 18:52:13,112 - append_predict.report - INFO - 开奖号码:690886, 本期总下注:7, 命中数:1, 下注金额:1
2018-07-10 18:52:13,114 - append_predict.report - INFO - 本期盈利:2.9, 追加循环盈利:2.9
2018-07-10 18:52:13,114 - append_predict.report - INFO - 开奖号码:690887, 本期总下注:6, 命中数:1, 下注金额:1
2018-07-10 18:52:13,114 - append_predict.report - INFO - 本期盈利:3.9, 追加循环盈利:3.9
2018-07-10 18:52:13,114 - append_predict.report - INFO - 开奖号码:690888, 本期总下注:8, 命中数:1, 下注金额:1
2018-07-10 18:52:13,114 - append_predict.report - INFO - 本期盈利:1.9, 追加循环盈利:1.9
2018-07-10 18:52:13,114 - append_predict.report - INFO - 开奖号码:690889, 本期总下注:6, 命中数:1, 下注金额:1
2018-07-10 18:52:13,114 - append_predict.report - INFO - 本期盈利:3.9, 追加循环盈利:3.9
2018-07-10 18:52:13,115 - append_predict.report - INFO - 开奖号码:690890, 本期总下注:6, 命中数:1, 下注金额:1
2018-07-10 18:52:13,115 - append_predict.report - INFO - 本期盈利:3.9, 追加循环盈利:3.9
2018-07-10 18:52:13,115 - append_predict.report - INFO - 开奖号码:690891, 本期总下注:7, 命中数:0, 下注金额:1
2018-07-10 18:52:13,115 - append_predict.report - INFO - 本期盈利:-7.0, 追加循环盈利:-7.0
2018-07-10 18:52:13,115 - append_predict.report - INFO - 开奖号码:690892, 本期总下注:7, 命中数:0, 下注金额:3.0
2018-07-10 18:52:13,115 - append_predict.report - INFO - 本期盈利:-21.0, 追加循环盈利:-28.0
2018-07-10 18:52:13,115 - append_predict.report - INFO - 开奖号码:690893, 本期总下注:6, 命中数:0, 下注金额:7.0
2018-07-10 18:52:13,115 - append_predict.report - INFO - 本期盈利:-42.0, 追加循环盈利:-70.0
2018-07-10 18:52:13,115 - append_predict.report - INFO - 开奖号码:690894, 本期总下注:6, 命中数:0, 下注金额:18.0
2018-07-10 18:52:13,115 - append_predict.report - INFO - 本期盈利:-108.0, 追加循环盈利:-178.0
2018-07-10 18:52:13,115 - append_predict.report - INFO - 开奖号码:690895, 本期总下注:4, 命中数:0, 下注金额:30.0
2018-07-10 18:52:13,115 - append_predict.report - INFO - 本期盈利:-120.0, 追加循环盈利:-298.0
2018-07-10 18:52:13,115 - append_predict.report - INFO - 开奖号码:690896, 本期总下注:7, 命中数:1, 下注金额:1
2018-07-10 18:52:13,115 - append_predict.report - INFO - 本期盈利:2.9, 追加循环盈利:-295.1
2018-07-10 18:52:13,117 - append_predict.report - INFO - 开奖号码:690897, 本期总下注:6, 命中数:1, 下注金额:1
2018-07-10 18:52:13,117 - append_predict.report - INFO - 本期盈利:3.9, 追加循环盈利:3.9
2018-07-10 18:52:13,117 - append_predict.report - INFO - 开奖号码:690898, 本期总下注:5, 命中数:1, 下注金额:1
2018-07-10 18:52:13,117 - append_predict.report - INFO - 本期盈利:4.9, 追加循环盈利:4.9
2018-07-10 18:52:13,117 - append_predict.report - INFO - 开奖号码:690899, 本期总下注:6, 命中数:1, 下注金额:1
2018-07-10 18:52:13,117 - append_predict.report - INFO - 本期盈利:3.9, 追加循环盈利:3.9
2018-07-10 18:52:13,118 - append_predict.report - INFO - 开奖号码:690900, 本期总下注:7, 命中数:1, 下注金额:1
2018-07-10 18:52:13,118 - append_predict.report - INFO - 本期盈利:2.9, 追加循环盈利:2.9
2018-07-10 18:52:13,118 - append_predict.report - INFO - 开奖号码:690901, 本期总下注:8, 命中数:0, 下注金额:1
2018-07-10 18:52:13,118 - append_predict.report - INFO - 本期盈利:-8.0, 追加循环盈利:-8.0
2018-07-10 18:52:13,118 - append_predict.report - INFO - 开奖号码:690902, 本期总下注:7, 命中数:0, 下注金额:3.0
2018-07-10 18:52:13,118 - append_predict.report - INFO - 本期盈利:-21.0, 追加循环盈利:-29.0
2018-07-10 18:52:13,118 - append_predict.report - INFO - 开奖号码:690903, 本期总下注:7, 命中数:1, 下注金额:10.0
2018-07-10 18:52:13,118 - append_predict.report - INFO - 本期盈利:29.0, 追加循环盈利:3.5527136788e-15
2018-07-10 18:52:13,118 - append_predict.report - INFO - 开奖号码:690904, 本期总下注:5, 命中数:0, 下注金额:1
2018-07-10 18:52:13,118 - append_predict.report - INFO - 本期盈利:-5.0, 追加循环盈利:-5.0
2018-07-10 18:52:13,118 - append_predict.report - INFO - 开奖号码:690905, 本期总下注:5, 命中数:0, 下注金额:1.0
2018-07-10 18:52:13,119 - append_predict.report - INFO - 本期盈利:-5.0, 追加循环盈利:-10.0
2018-07-10 18:52:13,119 - append_predict.report - INFO - 开奖号码:690906, 本期总下注:8, 命中数:1, 下注金额:5.0
2018-07-10 18:52:13,119 - append_predict.report - INFO - 本期盈利:9.5, 追加循环盈利:-0.5
2018-07-10 18:52:13,119 - append_predict.report - INFO - 总盈利:-664.9
